2021-07-29 17:35:30.213 INFO  org.hibernate.validator.internal.util.Version     :21   [32m        [0;39m HV000001: Hibernate Validator 6.2.0.Final
2021-07-29 17:35:30.217 INFO  com.course.gateway.GatewayApplication             :55   [32m        [0;39m Starting GatewayApplication using Java 11.0.7 on DESKTOP-L9OD124 with PID 3792 (D:\javaprojects\onlinecourse\course\gateway\target\classes started by 79491 in D:\javaprojects\onlinecourse\course)
2021-07-29 17:35:30.219 INFO  com.course.gateway.GatewayApplication             :659  [32m        [0;39m No active profile set, falling back to default profiles: default
2021-07-29 17:35:30.684 INFO  o.springframework.cloud.context.scope.GenericScope:283  [32m        [0;39m BeanFactory id=e75a3cec-4fc4-3ef5-9f54-a9447e22b2f5
2021-07-29 17:35:30.720 INFO  o.s.c.s.PostProcessorRegistrationDelegate$BeanPostProcessorChecker:376  [32m        [0;39m Bean 'org.springframework.cloud.client.loadbalancer.reactive.LoadBalancerBeanPostProcessorAutoConfiguration' of type [org.springframework.cloud.client.loadbalancer.reactive.LoadBalancerBeanPostProcessorAutoConfiguration] is not eligible for getting processed by all BeanPostProcessors (for example: not eligible for auto-proxying)
2021-07-29 17:35:30.720 INFO  o.s.c.s.PostProcessorRegistrationDelegate$BeanPostProcessorChecker:376  [32m        [0;39m Bean 'org.springframework.cloud.client.loadbalancer.reactive.LoadBalancerBeanPostProcessorAutoConfiguration$ReactorDeferringLoadBalancerFilterConfig' of type [org.springframework.cloud.client.loadbalancer.reactive.LoadBalancerBeanPostProcessorAutoConfiguration$ReactorDeferringLoadBalancerFilterConfig] is not eligible for getting processed by all BeanPostProcessors (for example: not eligible for auto-proxying)
2021-07-29 17:35:30.722 INFO  o.s.c.s.PostProcessorRegistrationDelegate$BeanPostProcessorChecker:376  [32m        [0;39m Bean 'reactorDeferringLoadBalancerExchangeFilterFunction' of type [org.springframework.cloud.client.loadbalancer.reactive.DeferringLoadBalancerExchangeFilterFunction] is not eligible for getting processed by all BeanPostProcessors (for example: not eligible for auto-proxying)
2021-07-29 17:35:31.219 INFO  o.s.c.gateway.route.RouteDefinitionRouteLocator   :88   [32m        [0;39m Loaded RoutePredicateFactory [After]
2021-07-29 17:35:31.219 INFO  o.s.c.gateway.route.RouteDefinitionRouteLocator   :88   [32m        [0;39m Loaded RoutePredicateFactory [Before]
2021-07-29 17:35:31.219 INFO  o.s.c.gateway.route.RouteDefinitionRouteLocator   :88   [32m        [0;39m Loaded RoutePredicateFactory [Between]
2021-07-29 17:35:31.219 INFO  o.s.c.gateway.route.RouteDefinitionRouteLocator   :88   [32m        [0;39m Loaded RoutePredicateFactory [Cookie]
2021-07-29 17:35:31.219 INFO  o.s.c.gateway.route.RouteDefinitionRouteLocator   :88   [32m        [0;39m Loaded RoutePredicateFactory [Header]
2021-07-29 17:35:31.219 INFO  o.s.c.gateway.route.RouteDefinitionRouteLocator   :88   [32m        [0;39m Loaded RoutePredicateFactory [Host]
2021-07-29 17:35:31.219 INFO  o.s.c.gateway.route.RouteDefinitionRouteLocator   :88   [32m        [0;39m Loaded RoutePredicateFactory [Method]
2021-07-29 17:35:31.220 INFO  o.s.c.gateway.route.RouteDefinitionRouteLocator   :88   [32m        [0;39m Loaded RoutePredicateFactory [Path]
2021-07-29 17:35:31.220 INFO  o.s.c.gateway.route.RouteDefinitionRouteLocator   :88   [32m        [0;39m Loaded RoutePredicateFactory [Query]
2021-07-29 17:35:31.220 INFO  o.s.c.gateway.route.RouteDefinitionRouteLocator   :88   [32m        [0;39m Loaded RoutePredicateFactory [ReadBody]
2021-07-29 17:35:31.220 INFO  o.s.c.gateway.route.RouteDefinitionRouteLocator   :88   [32m        [0;39m Loaded RoutePredicateFactory [RemoteAddr]
2021-07-29 17:35:31.220 INFO  o.s.c.gateway.route.RouteDefinitionRouteLocator   :88   [32m        [0;39m Loaded RoutePredicateFactory [Weight]
2021-07-29 17:35:31.220 INFO  o.s.c.gateway.route.RouteDefinitionRouteLocator   :88   [32m        [0;39m Loaded RoutePredicateFactory [CloudFoundryRouteService]
2021-07-29 17:35:31.342 INFO  o.s.c.n.e.c.DiscoveryClientOptionalArgsConfiguration:68   [32m        [0;39m Eureka HTTP Client uses RestTemplate.
2021-07-29 17:35:31.630 WARN  o.s.c.l.c.LoadBalancerCacheAutoConfiguration$LoadBalancerCaffeineWarnLogger:82   [32m        [0;39m Spring Cloud LoadBalancer is currently working with the default cache. You can switch to using Caffeine cache, by adding it and org.springframework.cache.caffeine.CaffeineCacheManager to the classpath.
2021-07-29 17:35:31.672 INFO  o.s.cloud.netflix.eureka.InstanceInfoFactory      :67   [32m        [0;39m Setting initial instance status as: STARTING
2021-07-29 17:35:31.693 INFO  com.netflix.discovery.DiscoveryClient             :372  [32m        [0;39m Initializing Eureka in region us-east-1
2021-07-29 17:35:31.695 INFO  c.n.d.shared.resolver.aws.ConfigClusterResolver   :43   [32m        [0;39m Resolving eureka endpoints via configuration
2021-07-29 17:35:31.709 INFO  com.netflix.discovery.DiscoveryClient             :1007 [32m        [0;39m Disable delta property : false
2021-07-29 17:35:31.709 INFO  com.netflix.discovery.DiscoveryClient             :1008 [32m        [0;39m Single vip registry refresh property : null
2021-07-29 17:35:31.709 INFO  com.netflix.discovery.DiscoveryClient             :1009 [32m        [0;39m Force full registry fetch : false
2021-07-29 17:35:31.709 INFO  com.netflix.discovery.DiscoveryClient             :1010 [32m        [0;39m Application is null : false
2021-07-29 17:35:31.709 INFO  com.netflix.discovery.DiscoveryClient             :1011 [32m        [0;39m Registered Applications size is zero : true
2021-07-29 17:35:31.709 INFO  com.netflix.discovery.DiscoveryClient             :1013 [32m        [0;39m Application version is -1: true
2021-07-29 17:35:31.709 INFO  com.netflix.discovery.DiscoveryClient             :1097 [32m        [0;39m Getting all instance registry info from the eureka server
2021-07-29 17:35:31.951 INFO  com.netflix.discovery.DiscoveryClient             :1106 [32m        [0;39m The response status is 200
2021-07-29 17:35:31.954 INFO  com.netflix.discovery.DiscoveryClient             :1321 [32m        [0;39m Starting heartbeat executor: renew interval is: 30
2021-07-29 17:35:31.956 INFO  com.netflix.discovery.InstanceInfoReplicator      :60   [32m        [0;39m InstanceInfoReplicator onDemand update allowed rate per min is 4
2021-07-29 17:35:31.960 INFO  com.netflix.discovery.DiscoveryClient             :492  [32m        [0;39m Discovery Client initialized at timestamp 1627551331960 with initial instances count: 1
2021-07-29 17:35:31.961 INFO  o.s.c.n.e.serviceregistry.EurekaServiceRegistry   :41   [32m        [0;39m Registering application GATEWAY with eureka with status UP
2021-07-29 17:35:31.962 INFO  com.netflix.discovery.DiscoveryClient             :1352 [32m        [0;39m Saw local status change event StatusChangeEvent [timestamp=1627551331962, current=UP, previous=STARTING]
2021-07-29 17:35:31.963 INFO  com.netflix.discovery.DiscoveryClient             :873  [32m        [0;39m DiscoveryClient_GATEWAY/DESKTOP-L9OD124:gateway:9000: registering service...
2021-07-29 17:35:31.999 INFO  com.netflix.discovery.DiscoveryClient             :882  [32m        [0;39m DiscoveryClient_GATEWAY/DESKTOP-L9OD124:gateway:9000 - registration status: 204
2021-07-29 17:35:32.255 INFO  o.s.boot.web.embedded.netty.NettyWebServer        :111  [32m        [0;39m Netty started on port 9000
2021-07-29 17:35:32.256 INFO  o.s.c.n.e.s.EurekaAutoServiceRegistration         :144  [32m        [0;39m Updating port to 9000
2021-07-29 17:35:32.506 INFO  com.course.gateway.GatewayApplication             :61   [32m        [0;39m Started GatewayApplication in 2.686 seconds (JVM running for 3.332)
2021-07-29 17:35:32.507 INFO  com.course.gateway.GatewayApplication             :18   [32m        [0;39m 启动成功！！
2021-07-29 17:35:32.508 INFO  com.course.gateway.GatewayApplication             :19   [32m        [0;39m Gateway地址: 	http://127.0.0.1:9000
2021-07-29 17:40:31.717 INFO  c.n.d.shared.resolver.aws.ConfigClusterResolver   :43   [32m        [0;39m Resolving eureka endpoints via configuration
2021-07-29 17:45:31.718 INFO  c.n.d.shared.resolver.aws.ConfigClusterResolver   :43   [32m        [0;39m Resolving eureka endpoints via configuration
2021-07-29 17:50:31.735 INFO  c.n.d.shared.resolver.aws.ConfigClusterResolver   :43   [32m        [0;39m Resolving eureka endpoints via configuration
2021-07-29 17:55:31.742 INFO  c.n.d.shared.resolver.aws.ConfigClusterResolver   :43   [32m        [0;39m Resolving eureka endpoints via configuration
2021-07-29 18:00:31.743 INFO  c.n.d.shared.resolver.aws.ConfigClusterResolver   :43   [32m        [0;39m Resolving eureka endpoints via configuration
2021-07-29 18:05:31.756 INFO  c.n.d.shared.resolver.aws.ConfigClusterResolver   :43   [32m        [0;39m Resolving eureka endpoints via configuration
2021-07-29 18:10:31.769 INFO  c.n.d.shared.resolver.aws.ConfigClusterResolver   :43   [32m        [0;39m Resolving eureka endpoints via configuration
2021-07-29 18:15:31.776 INFO  c.n.d.shared.resolver.aws.ConfigClusterResolver   :43   [32m        [0;39m Resolving eureka endpoints via configuration
2021-07-29 18:20:31.791 INFO  c.n.d.shared.resolver.aws.ConfigClusterResolver   :43   [32m        [0;39m Resolving eureka endpoints via configuration
2021-07-29 18:25:31.802 INFO  c.n.d.shared.resolver.aws.ConfigClusterResolver   :43   [32m        [0;39m Resolving eureka endpoints via configuration
2021-07-29 18:30:31.805 INFO  c.n.d.shared.resolver.aws.ConfigClusterResolver   :43   [32m        [0;39m Resolving eureka endpoints via configuration
2021-07-29 18:35:31.808 INFO  c.n.d.shared.resolver.aws.ConfigClusterResolver   :43   [32m        [0;39m Resolving eureka endpoints via configuration
2021-07-29 18:40:31.822 INFO  c.n.d.shared.resolver.aws.ConfigClusterResolver   :43   [32m        [0;39m Resolving eureka endpoints via configuration
2021-07-29 18:45:31.837 INFO  c.n.d.shared.resolver.aws.ConfigClusterResolver   :43   [32m        [0;39m Resolving eureka endpoints via configuration
2021-07-29 18:50:31.842 INFO  c.n.d.shared.resolver.aws.ConfigClusterResolver   :43   [32m        [0;39m Resolving eureka endpoints via configuration
2021-07-29 18:55:31.855 INFO  c.n.d.shared.resolver.aws.ConfigClusterResolver   :43   [32m        [0;39m Resolving eureka endpoints via configuration
2021-07-29 19:00:31.869 INFO  c.n.d.shared.resolver.aws.ConfigClusterResolver   :43   [32m        [0;39m Resolving eureka endpoints via configuration
2021-07-29 19:05:31.881 INFO  c.n.d.shared.resolver.aws.ConfigClusterResolver   :43   [32m        [0;39m Resolving eureka endpoints via configuration
2021-07-29 19:10:31.891 INFO  c.n.d.shared.resolver.aws.ConfigClusterResolver   :43   [32m        [0;39m Resolving eureka endpoints via configuration
2021-07-29 19:15:31.898 INFO  c.n.d.shared.resolver.aws.ConfigClusterResolver   :43   [32m        [0;39m Resolving eureka endpoints via configuration
2021-07-29 19:20:31.904 INFO  c.n.d.shared.resolver.aws.ConfigClusterResolver   :43   [32m        [0;39m Resolving eureka endpoints via configuration
2021-07-29 19:25:31.909 INFO  c.n.d.shared.resolver.aws.ConfigClusterResolver   :43   [32m        [0;39m Resolving eureka endpoints via configuration
2021-07-29 19:30:31.925 INFO  c.n.d.shared.resolver.aws.ConfigClusterResolver   :43   [32m        [0;39m Resolving eureka endpoints via configuration
2021-07-29 19:35:31.934 INFO  c.n.d.shared.resolver.aws.ConfigClusterResolver   :43   [32m        [0;39m Resolving eureka endpoints via configuration
2021-07-29 19:40:31.942 INFO  c.n.d.shared.resolver.aws.ConfigClusterResolver   :43   [32m        [0;39m Resolving eureka endpoints via configuration
2021-07-29 19:45:31.948 INFO  c.n.d.shared.resolver.aws.ConfigClusterResolver   :43   [32m        [0;39m Resolving eureka endpoints via configuration
2021-07-29 19:50:31.958 INFO  c.n.d.shared.resolver.aws.ConfigClusterResolver   :43   [32m        [0;39m Resolving eureka endpoints via configuration
2021-07-29 19:55:31.972 INFO  c.n.d.shared.resolver.aws.ConfigClusterResolver   :43   [32m        [0;39m Resolving eureka endpoints via configuration
2021-07-29 20:00:31.983 INFO  c.n.d.shared.resolver.aws.ConfigClusterResolver   :43   [32m        [0;39m Resolving eureka endpoints via configuration
2021-07-29 20:05:31.988 INFO  c.n.d.shared.resolver.aws.ConfigClusterResolver   :43   [32m        [0;39m Resolving eureka endpoints via configuration
2021-07-29 20:10:31.996 INFO  c.n.d.shared.resolver.aws.ConfigClusterResolver   :43   [32m        [0;39m Resolving eureka endpoints via configuration
2021-07-29 20:15:31.999 INFO  c.n.d.shared.resolver.aws.ConfigClusterResolver   :43   [32m        [0;39m Resolving eureka endpoints via configuration
2021-07-29 20:20:32.000 INFO  c.n.d.shared.resolver.aws.ConfigClusterResolver   :43   [32m        [0;39m Resolving eureka endpoints via configuration
2021-07-29 20:25:32.015 INFO  c.n.d.shared.resolver.aws.ConfigClusterResolver   :43   [32m        [0;39m Resolving eureka endpoints via configuration
2021-07-29 20:30:32.016 INFO  c.n.d.shared.resolver.aws.ConfigClusterResolver   :43   [32m        [0;39m Resolving eureka endpoints via configuration
2021-07-29 20:35:32.030 INFO  c.n.d.shared.resolver.aws.ConfigClusterResolver   :43   [32m        [0;39m Resolving eureka endpoints via configuration
2021-07-29 20:40:32.038 INFO  c.n.d.shared.resolver.aws.ConfigClusterResolver   :43   [32m        [0;39m Resolving eureka endpoints via configuration
2021-07-29 20:45:32.044 INFO  c.n.d.shared.resolver.aws.ConfigClusterResolver   :43   [32m        [0;39m Resolving eureka endpoints via configuration
2021-07-29 20:50:32.059 INFO  c.n.d.shared.resolver.aws.ConfigClusterResolver   :43   [32m        [0;39m Resolving eureka endpoints via configuration
2021-07-29 20:55:32.074 INFO  c.n.d.shared.resolver.aws.ConfigClusterResolver   :43   [32m        [0;39m Resolving eureka endpoints via configuration
2021-07-29 21:00:32.084 INFO  c.n.d.shared.resolver.aws.ConfigClusterResolver   :43   [32m        [0;39m Resolving eureka endpoints via configuration
2021-07-29 21:05:32.088 INFO  c.n.d.shared.resolver.aws.ConfigClusterResolver   :43   [32m        [0;39m Resolving eureka endpoints via configuration
2021-07-29 21:10:32.102 INFO  c.n.d.shared.resolver.aws.ConfigClusterResolver   :43   [32m        [0;39m Resolving eureka endpoints via configuration
2021-07-29 21:15:32.107 INFO  c.n.d.shared.resolver.aws.ConfigClusterResolver   :43   [32m        [0;39m Resolving eureka endpoints via configuration
2021-07-29 21:20:32.118 INFO  c.n.d.shared.resolver.aws.ConfigClusterResolver   :43   [32m        [0;39m Resolving eureka endpoints via configuration
2021-07-29 21:25:32.128 INFO  c.n.d.shared.resolver.aws.ConfigClusterResolver   :43   [32m        [0;39m Resolving eureka endpoints via configuration
2021-07-29 21:30:32.131 INFO  c.n.d.shared.resolver.aws.ConfigClusterResolver   :43   [32m        [0;39m Resolving eureka endpoints via configuration
2021-07-29 21:35:32.146 INFO  c.n.d.shared.resolver.aws.ConfigClusterResolver   :43   [32m        [0;39m Resolving eureka endpoints via configuration
2021-07-29 21:40:32.149 INFO  c.n.d.shared.resolver.aws.ConfigClusterResolver   :43   [32m        [0;39m Resolving eureka endpoints via configuration
2021-07-29 21:45:32.158 INFO  c.n.d.shared.resolver.aws.ConfigClusterResolver   :43   [32m        [0;39m Resolving eureka endpoints via configuration
2021-07-29 21:50:32.159 INFO  c.n.d.shared.resolver.aws.ConfigClusterResolver   :43   [32m        [0;39m Resolving eureka endpoints via configuration
2021-07-29 21:55:32.163 INFO  c.n.d.shared.resolver.aws.ConfigClusterResolver   :43   [32m        [0;39m Resolving eureka endpoints via configuration
2021-07-29 22:00:32.170 INFO  c.n.d.shared.resolver.aws.ConfigClusterResolver   :43   [32m        [0;39m Resolving eureka endpoints via configuration
2021-07-29 22:05:32.181 INFO  c.n.d.shared.resolver.aws.ConfigClusterResolver   :43   [32m        [0;39m Resolving eureka endpoints via configuration
2021-07-29 22:10:32.186 INFO  c.n.d.shared.resolver.aws.ConfigClusterResolver   :43   [32m        [0;39m Resolving eureka endpoints via configuration
2021-07-29 22:15:32.199 INFO  c.n.d.shared.resolver.aws.ConfigClusterResolver   :43   [32m        [0;39m Resolving eureka endpoints via configuration
2021-07-29 22:20:32.200 INFO  c.n.d.shared.resolver.aws.ConfigClusterResolver   :43   [32m        [0;39m Resolving eureka endpoints via configuration
2021-07-29 22:25:32.208 INFO  c.n.d.shared.resolver.aws.ConfigClusterResolver   :43   [32m        [0;39m Resolving eureka endpoints via configuration
2021-07-29 22:30:32.223 INFO  c.n.d.shared.resolver.aws.ConfigClusterResolver   :43   [32m        [0;39m Resolving eureka endpoints via configuration
2021-07-29 22:35:32.237 INFO  c.n.d.shared.resolver.aws.ConfigClusterResolver   :43   [32m        [0;39m Resolving eureka endpoints via configuration
2021-07-29 22:40:32.248 INFO  c.n.d.shared.resolver.aws.ConfigClusterResolver   :43   [32m        [0;39m Resolving eureka endpoints via configuration
2021-07-29 22:45:32.252 INFO  c.n.d.shared.resolver.aws.ConfigClusterResolver   :43   [32m        [0;39m Resolving eureka endpoints via configuration
2021-07-29 22:50:32.254 INFO  c.n.d.shared.resolver.aws.ConfigClusterResolver   :43   [32m        [0;39m Resolving eureka endpoints via configuration
2021-07-29 22:55:32.263 INFO  c.n.d.shared.resolver.aws.ConfigClusterResolver   :43   [32m        [0;39m Resolving eureka endpoints via configuration
2021-07-29 23:00:32.274 INFO  c.n.d.shared.resolver.aws.ConfigClusterResolver   :43   [32m        [0;39m Resolving eureka endpoints via configuration
2021-07-29 23:05:32.287 INFO  c.n.d.shared.resolver.aws.ConfigClusterResolver   :43   [32m        [0;39m Resolving eureka endpoints via configuration
2021-07-29 23:10:32.289 INFO  c.n.d.shared.resolver.aws.ConfigClusterResolver   :43   [32m        [0;39m Resolving eureka endpoints via configuration
2021-07-29 23:15:32.292 INFO  c.n.d.shared.resolver.aws.ConfigClusterResolver   :43   [32m        [0;39m Resolving eureka endpoints via configuration
2021-07-29 23:20:32.297 INFO  c.n.d.shared.resolver.aws.ConfigClusterResolver   :43   [32m        [0;39m Resolving eureka endpoints via configuration
2021-07-29 23:25:32.300 INFO  c.n.d.shared.resolver.aws.ConfigClusterResolver   :43   [32m        [0;39m Resolving eureka endpoints via configuration
2021-07-29 23:30:32.312 INFO  c.n.d.shared.resolver.aws.ConfigClusterResolver   :43   [32m        [0;39m Resolving eureka endpoints via configuration
2021-07-29 23:35:32.321 INFO  c.n.d.shared.resolver.aws.ConfigClusterResolver   :43   [32m        [0;39m Resolving eureka endpoints via configuration
2021-07-29 23:40:32.322 INFO  c.n.d.shared.resolver.aws.ConfigClusterResolver   :43   [32m        [0;39m Resolving eureka endpoints via configuration
2021-07-29 23:45:32.326 INFO  c.n.d.shared.resolver.aws.ConfigClusterResolver   :43   [32m        [0;39m Resolving eureka endpoints via configuration
2021-07-29 23:50:32.336 INFO  c.n.d.shared.resolver.aws.ConfigClusterResolver   :43   [32m        [0;39m Resolving eureka endpoints via configuration
2021-07-29 23:55:32.350 INFO  c.n.d.shared.resolver.aws.ConfigClusterResolver   :43   [32m        [0;39m Resolving eureka endpoints via configuration
