2021-07-29 17:35:23.127 INFO  org.hibernate.validator.internal.util.Version     :21   [32m        [0;39m HV000001: Hibernate Validator 6.2.0.Final
2021-07-29 17:35:23.134 INFO  com.course.EurekaApplication                      :55   [32m        [0;39m Starting EurekaApplication using Java 11.0.7 on DESKTOP-L9OD124 with PID 19408 (D:\javaprojects\onlinecourse\course\eureka\target\classes started by 79491 in D:\javaprojects\onlinecourse\course)
2021-07-29 17:35:23.134 INFO  com.course.EurekaApplication                      :659  [32m        [0;39m No active profile set, falling back to default profiles: default
2021-07-29 17:35:23.769 INFO  o.springframework.cloud.context.scope.GenericScope:283  [32m        [0;39m BeanFactory id=22aef32b-6694-37e5-ac0c-88b027b6c8a3
2021-07-29 17:35:23.951 INFO  o.s.boot.web.embedded.tomcat.TomcatWebServer      :108  [32m        [0;39m Tomcat initialized with port(s): 8761 (http)
2021-07-29 17:35:23.958 INFO  org.apache.coyote.http11.Http11NioProtocol        :173  [32m        [0;39m Initializing ProtocolHandler ["http-nio-8761"]
2021-07-29 17:35:23.958 INFO  org.apache.catalina.core.StandardService          :173  [32m        [0;39m Starting service [Tomcat]
2021-07-29 17:35:23.958 INFO  org.apache.catalina.core.StandardEngine           :173  [32m        [0;39m Starting Servlet engine: [Apache Tomcat/9.0.48]
2021-07-29 17:35:24.034 INFO  o.a.c.core.ContainerBase.[Tomcat].[localhost].[/] :173  [32m        [0;39m Initializing Spring embedded WebApplicationContext
2021-07-29 17:35:24.034 INFO  o.s.b.w.s.c.ServletWebServerApplicationContext    :290  [32m        [0;39m Root WebApplicationContext: initialization completed in 874 ms
2021-07-29 17:35:24.357 INFO  c.s.j.server.impl.application.WebApplicationImpl  :815  [32m        [0;39m Initiating Jersey application, version 'Jersey: 1.19.4 05/24/2017 03:20 PM'
2021-07-29 17:35:24.401 INFO  c.n.discovery.provider.DiscoveryJerseyProvider    :70   [32m        [0;39m Using JSON encoding codec LegacyJacksonJson
2021-07-29 17:35:24.401 INFO  c.n.discovery.provider.DiscoveryJerseyProvider    :71   [32m        [0;39m Using JSON decoding codec LegacyJacksonJson
2021-07-29 17:35:24.505 INFO  c.n.discovery.provider.DiscoveryJerseyProvider    :80   [32m        [0;39m Using XML encoding codec XStreamXml
2021-07-29 17:35:24.505 INFO  c.n.discovery.provider.DiscoveryJerseyProvider    :81   [32m        [0;39m Using XML decoding codec XStreamXml
2021-07-29 17:35:25.335 INFO  o.s.c.n.e.c.DiscoveryClientOptionalArgsConfiguration:87   [32m        [0;39m Eureka HTTP Client uses Jersey
2021-07-29 17:35:25.367 WARN  o.s.c.l.c.LoadBalancerCacheAutoConfiguration$LoadBalancerCaffeineWarnLogger:82   [32m        [0;39m Spring Cloud LoadBalancer is currently working with the default cache. You can switch to using Caffeine cache, by adding it and org.springframework.cache.caffeine.CaffeineCacheManager to the classpath.
2021-07-29 17:35:25.377 INFO  o.s.cloud.netflix.eureka.InstanceInfoFactory      :67   [32m        [0;39m Setting initial instance status as: STARTING
2021-07-29 17:35:25.396 INFO  com.netflix.discovery.DiscoveryClient             :372  [32m        [0;39m Initializing Eureka in region us-east-1
2021-07-29 17:35:25.396 INFO  com.netflix.discovery.DiscoveryClient             :375  [32m        [0;39m Client configured to neither register nor query for data.
2021-07-29 17:35:25.401 INFO  com.netflix.discovery.DiscoveryClient             :390  [32m        [0;39m Discovery Client initialized at timestamp 1627551325400 with initial instances count: 0
2021-07-29 17:35:25.422 INFO  com.netflix.eureka.DefaultEurekaServerContext     :66   [32m        [0;39m Initializing ...
2021-07-29 17:35:25.423 INFO  com.netflix.eureka.cluster.PeerEurekaNodes        :187  [32m        [0;39m Adding new peer nodes [http://localhost:8761/eureka/]
2021-07-29 17:35:25.586 INFO  c.n.discovery.provider.DiscoveryJerseyProvider    :70   [32m        [0;39m Using JSON encoding codec LegacyJacksonJson
2021-07-29 17:35:25.586 INFO  c.n.discovery.provider.DiscoveryJerseyProvider    :71   [32m        [0;39m Using JSON decoding codec LegacyJacksonJson
2021-07-29 17:35:25.586 INFO  c.n.discovery.provider.DiscoveryJerseyProvider    :80   [32m        [0;39m Using XML encoding codec XStreamXml
2021-07-29 17:35:25.586 INFO  c.n.discovery.provider.DiscoveryJerseyProvider    :81   [32m        [0;39m Using XML decoding codec XStreamXml
2021-07-29 17:35:25.649 INFO  com.netflix.eureka.cluster.PeerEurekaNodes        :109  [32m        [0;39m Replica node URL:  http://localhost:8761/eureka/
2021-07-29 17:35:25.656 INFO  c.netflix.eureka.registry.AbstractInstanceRegistry:153  [32m        [0;39m Finished initializing remote region registries. All known remote regions: []
2021-07-29 17:35:25.657 INFO  com.netflix.eureka.DefaultEurekaServerContext     :73   [32m        [0;39m Initialized
2021-07-29 17:35:25.665 INFO  o.s.b.actuate.endpoint.web.EndpointLinksResolver  :58   [32m        [0;39m Exposing 1 endpoint(s) beneath base path '/actuator'
2021-07-29 17:35:25.723 INFO  o.s.c.n.e.serviceregistry.EurekaServiceRegistry   :41   [32m        [0;39m Registering application EUREKA with eureka with status UP
2021-07-29 17:35:25.725 INFO  o.s.c.netflix.eureka.server.EurekaServerBootstrap :97   [32m        [0;39m Setting the eureka configuration..
2021-07-29 17:35:25.725 INFO  org.apache.coyote.http11.Http11NioProtocol        :173  [32m        [0;39m Starting ProtocolHandler ["http-nio-8761"]
2021-07-29 17:35:25.733 INFO  o.s.c.netflix.eureka.server.EurekaServerBootstrap :148  [32m        [0;39m isAws returned false
2021-07-29 17:35:25.746 INFO  o.s.c.netflix.eureka.server.EurekaServerBootstrap :114  [32m        [0;39m Initialized server context
2021-07-29 17:35:25.746 INFO  c.n.eureka.registry.PeerAwareInstanceRegistryImpl :244  [32m        [0;39m Got 1 instances from neighboring DS node
2021-07-29 17:35:25.747 INFO  c.n.eureka.registry.PeerAwareInstanceRegistryImpl :245  [32m        [0;39m Renew threshold is: 1
2021-07-29 17:35:25.747 INFO  c.n.eureka.registry.PeerAwareInstanceRegistryImpl :256  [32m        [0;39m Changing status to UP
2021-07-29 17:35:25.752 INFO  o.s.c.n.e.s.EurekaServerInitializerConfiguration  :69   [32m        [0;39m Started Eureka Server
2021-07-29 17:35:25.754 INFO  o.s.boot.web.embedded.tomcat.TomcatWebServer      :220  [32m        [0;39m Tomcat started on port(s): 8761 (http) with context path ''
2021-07-29 17:35:25.755 INFO  o.s.c.n.e.s.EurekaAutoServiceRegistration         :144  [32m        [0;39m Updating port to 8761
2021-07-29 17:35:25.885 INFO  com.course.EurekaApplication                      :61   [32m        [0;39m Started EurekaApplication in 3.156 seconds (JVM running for 3.818)
2021-07-29 17:35:25.890 INFO  com.course.EurekaApplication                      :21   [32m        [0;39m 启动成功！！
2021-07-29 17:35:25.890 INFO  com.course.EurekaApplication                      :22   [32m        [0;39m Eureka地址: 	http://127.0.0.1:8761
2021-07-29 17:35:26.588 INFO  o.a.c.core.ContainerBase.[Tomcat].[localhost].[/] :173  [32m        [0;39m Initializing Spring DispatcherServlet 'dispatcherServlet'
2021-07-29 17:35:26.588 INFO  org.springframework.web.servlet.DispatcherServlet :525  [32m        [0;39m Initializing Servlet 'dispatcherServlet'
2021-07-29 17:35:26.589 INFO  org.springframework.web.servlet.DispatcherServlet :547  [32m        [0;39m Completed initialization in 1 ms
2021-07-29 17:35:29.028 INFO  c.netflix.eureka.registry.AbstractInstanceRegistry:266  [32m        [0;39m Registered instance SYSTEM/DESKTOP-L9OD124:system:9001 with status UP (replication=false)
2021-07-29 17:35:29.580 INFO  c.netflix.eureka.registry.AbstractInstanceRegistry:266  [32m        [0;39m Registered instance SYSTEM/DESKTOP-L9OD124:system:9001 with status UP (replication=true)
2021-07-29 17:35:31.998 INFO  c.netflix.eureka.registry.AbstractInstanceRegistry:266  [32m        [0;39m Registered instance GATEWAY/DESKTOP-L9OD124:gateway:9000 with status UP (replication=false)
2021-07-29 17:35:32.520 INFO  c.netflix.eureka.registry.AbstractInstanceRegistry:266  [32m        [0;39m Registered instance GATEWAY/DESKTOP-L9OD124:gateway:9000 with status UP (replication=true)
2021-07-29 17:36:25.749 INFO  c.netflix.eureka.registry.AbstractInstanceRegistry:1247 [32m        [0;39m Running the evict task with compensationTime 0ms
2021-07-29 17:37:25.756 INFO  c.netflix.eureka.registry.AbstractInstanceRegistry:1247 [32m        [0;39m Running the evict task with compensationTime 7ms
2021-07-29 17:38:25.758 INFO  c.netflix.eureka.registry.AbstractInstanceRegistry:1247 [32m        [0;39m Running the evict task with compensationTime 1ms
2021-07-29 17:39:25.773 INFO  c.netflix.eureka.registry.AbstractInstanceRegistry:1247 [32m        [0;39m Running the evict task with compensationTime 15ms
2021-07-29 17:40:25.777 INFO  c.netflix.eureka.registry.AbstractInstanceRegistry:1247 [32m        [0;39m Running the evict task with compensationTime 4ms
2021-07-29 17:41:25.782 INFO  c.netflix.eureka.registry.AbstractInstanceRegistry:1247 [32m        [0;39m Running the evict task with compensationTime 4ms
2021-07-29 17:41:51.199 INFO  c.netflix.eureka.registry.AbstractInstanceRegistry:266  [32m        [0;39m Registered instance SYSTEM/DESKTOP-L9OD124:system:9001 with status DOWN (replication=false)
2021-07-29 17:41:51.719 INFO  c.netflix.eureka.registry.AbstractInstanceRegistry:266  [32m        [0;39m Registered instance SYSTEM/DESKTOP-L9OD124:system:9001 with status DOWN (replication=true)
2021-07-29 17:41:54.318 INFO  c.netflix.eureka.registry.AbstractInstanceRegistry:328  [32m        [0;39m Cancelled instance SYSTEM/DESKTOP-L9OD124:system:9001 (replication=false)
2021-07-29 17:41:54.841 WARN  c.netflix.eureka.registry.AbstractInstanceRegistry:313  [32m        [0;39m DS: Registry: cancel failed because Lease is not registered for: SYSTEM/DESKTOP-L9OD124:system:9001
2021-07-29 17:41:54.841 INFO  com.netflix.eureka.resources.InstanceResource     :288  [32m        [0;39m Not Found (Cancel): SYSTEM - DESKTOP-L9OD124:system:9001
2021-07-29 17:41:54.841 WARN  com.netflix.eureka.cluster.ReplicationTask        :35   [32m        [0;39m The replication of task SYSTEM/DESKTOP-L9OD124:system:9001:Cancel@localhost failed with response code 404
2021-07-29 17:41:54.842 WARN  com.netflix.eureka.cluster.PeerEurekaNode         :171  [32m        [0;39m SYSTEM/DESKTOP-L9OD124:system:9001:Cancel@localhost: missing entry.
2021-07-29 17:41:55.103 INFO  c.netflix.eureka.registry.AbstractInstanceRegistry:266  [32m        [0;39m Registered instance SYSTEM/DESKTOP-L9OD124:system:9001 with status UP (replication=false)
2021-07-29 17:41:55.621 INFO  c.netflix.eureka.registry.AbstractInstanceRegistry:266  [32m        [0;39m Registered instance SYSTEM/DESKTOP-L9OD124:system:9001 with status UP (replication=true)
2021-07-29 17:42:25.782 INFO  c.netflix.eureka.registry.AbstractInstanceRegistry:1247 [32m        [0;39m Running the evict task with compensationTime 0ms
2021-07-29 17:42:52.809 INFO  c.netflix.eureka.registry.AbstractInstanceRegistry:266  [32m        [0;39m Registered instance SYSTEM/DESKTOP-L9OD124:system:9001 with status DOWN (replication=false)
2021-07-29 17:42:53.330 INFO  c.netflix.eureka.registry.AbstractInstanceRegistry:266  [32m        [0;39m Registered instance SYSTEM/DESKTOP-L9OD124:system:9001 with status DOWN (replication=true)
2021-07-29 17:42:55.890 INFO  c.netflix.eureka.registry.AbstractInstanceRegistry:328  [32m        [0;39m Cancelled instance SYSTEM/DESKTOP-L9OD124:system:9001 (replication=false)
2021-07-29 17:42:56.410 WARN  c.netflix.eureka.registry.AbstractInstanceRegistry:313  [32m        [0;39m DS: Registry: cancel failed because Lease is not registered for: SYSTEM/DESKTOP-L9OD124:system:9001
2021-07-29 17:42:56.410 INFO  com.netflix.eureka.resources.InstanceResource     :288  [32m        [0;39m Not Found (Cancel): SYSTEM - DESKTOP-L9OD124:system:9001
2021-07-29 17:42:56.411 WARN  com.netflix.eureka.cluster.ReplicationTask        :35   [32m        [0;39m The replication of task SYSTEM/DESKTOP-L9OD124:system:9001:Cancel@localhost failed with response code 404
2021-07-29 17:42:56.411 WARN  com.netflix.eureka.cluster.PeerEurekaNode         :171  [32m        [0;39m SYSTEM/DESKTOP-L9OD124:system:9001:Cancel@localhost: missing entry.
2021-07-29 17:43:25.796 INFO  c.netflix.eureka.registry.AbstractInstanceRegistry:1247 [32m        [0;39m Running the evict task with compensationTime 13ms
2021-07-29 17:44:25.808 INFO  c.netflix.eureka.registry.AbstractInstanceRegistry:1247 [32m        [0;39m Running the evict task with compensationTime 12ms
2021-07-29 17:45:25.822 INFO  c.netflix.eureka.registry.AbstractInstanceRegistry:1247 [32m        [0;39m Running the evict task with compensationTime 13ms
2021-07-29 17:46:25.837 INFO  c.netflix.eureka.registry.AbstractInstanceRegistry:1247 [32m        [0;39m Running the evict task with compensationTime 14ms
2021-07-29 17:47:25.851 INFO  c.netflix.eureka.registry.AbstractInstanceRegistry:1247 [32m        [0;39m Running the evict task with compensationTime 14ms
2021-07-29 17:48:25.864 INFO  c.netflix.eureka.registry.AbstractInstanceRegistry:1247 [32m        [0;39m Running the evict task with compensationTime 12ms
2021-07-29 17:49:25.873 INFO  c.netflix.eureka.registry.AbstractInstanceRegistry:1247 [32m        [0;39m Running the evict task with compensationTime 9ms
2021-07-29 17:50:25.671 INFO  c.n.eureka.registry.PeerAwareInstanceRegistryImpl :552  [32m        [0;39m Current renewal threshold is : 3
2021-07-29 17:50:25.874 INFO  c.netflix.eureka.registry.AbstractInstanceRegistry:1247 [32m        [0;39m Running the evict task with compensationTime 0ms
2021-07-29 17:51:25.877 INFO  c.netflix.eureka.registry.AbstractInstanceRegistry:1247 [32m        [0;39m Running the evict task with compensationTime 3ms
2021-07-29 17:52:25.890 INFO  c.netflix.eureka.registry.AbstractInstanceRegistry:1247 [32m        [0;39m Running the evict task with compensationTime 12ms
2021-07-29 17:53:25.891 INFO  c.netflix.eureka.registry.AbstractInstanceRegistry:1247 [32m        [0;39m Running the evict task with compensationTime 1ms
2021-07-29 17:54:25.900 INFO  c.netflix.eureka.registry.AbstractInstanceRegistry:1247 [32m        [0;39m Running the evict task with compensationTime 8ms
2021-07-29 17:55:25.907 INFO  c.netflix.eureka.registry.AbstractInstanceRegistry:1247 [32m        [0;39m Running the evict task with compensationTime 6ms
2021-07-29 17:56:25.919 INFO  c.netflix.eureka.registry.AbstractInstanceRegistry:1247 [32m        [0;39m Running the evict task with compensationTime 12ms
2021-07-29 17:57:25.923 INFO  c.netflix.eureka.registry.AbstractInstanceRegistry:1247 [32m        [0;39m Running the evict task with compensationTime 4ms
2021-07-29 17:58:25.938 INFO  c.netflix.eureka.registry.AbstractInstanceRegistry:1247 [32m        [0;39m Running the evict task with compensationTime 14ms
2021-07-29 17:59:25.950 INFO  c.netflix.eureka.registry.AbstractInstanceRegistry:1247 [32m        [0;39m Running the evict task with compensationTime 12ms
2021-07-29 18:00:25.956 INFO  c.netflix.eureka.registry.AbstractInstanceRegistry:1247 [32m        [0;39m Running the evict task with compensationTime 6ms
2021-07-29 18:01:25.970 INFO  c.netflix.eureka.registry.AbstractInstanceRegistry:1247 [32m        [0;39m Running the evict task with compensationTime 13ms
2021-07-29 18:02:25.984 INFO  c.netflix.eureka.registry.AbstractInstanceRegistry:1247 [32m        [0;39m Running the evict task with compensationTime 14ms
2021-07-29 18:03:25.998 INFO  c.netflix.eureka.registry.AbstractInstanceRegistry:1247 [32m        [0;39m Running the evict task with compensationTime 14ms
2021-07-29 18:04:26.006 INFO  c.netflix.eureka.registry.AbstractInstanceRegistry:1247 [32m        [0;39m Running the evict task with compensationTime 7ms
2021-07-29 18:05:25.672 INFO  c.n.eureka.registry.PeerAwareInstanceRegistryImpl :552  [32m        [0;39m Current renewal threshold is : 3
2021-07-29 18:05:26.019 INFO  c.netflix.eureka.registry.AbstractInstanceRegistry:1247 [32m        [0;39m Running the evict task with compensationTime 13ms
2021-07-29 18:06:26.025 INFO  c.netflix.eureka.registry.AbstractInstanceRegistry:1247 [32m        [0;39m Running the evict task with compensationTime 5ms
2021-07-29 18:07:26.028 INFO  c.netflix.eureka.registry.AbstractInstanceRegistry:1247 [32m        [0;39m Running the evict task with compensationTime 3ms
2021-07-29 18:08:26.030 INFO  c.netflix.eureka.registry.AbstractInstanceRegistry:1247 [32m        [0;39m Running the evict task with compensationTime 1ms
2021-07-29 18:09:26.033 INFO  c.netflix.eureka.registry.AbstractInstanceRegistry:1247 [32m        [0;39m Running the evict task with compensationTime 3ms
2021-07-29 18:10:26.047 INFO  c.netflix.eureka.registry.AbstractInstanceRegistry:1247 [32m        [0;39m Running the evict task with compensationTime 14ms
2021-07-29 18:11:26.050 INFO  c.netflix.eureka.registry.AbstractInstanceRegistry:1247 [32m        [0;39m Running the evict task with compensationTime 3ms
2021-07-29 18:12:26.063 INFO  c.netflix.eureka.registry.AbstractInstanceRegistry:1247 [32m        [0;39m Running the evict task with compensationTime 12ms
2021-07-29 18:13:26.063 INFO  c.netflix.eureka.registry.AbstractInstanceRegistry:1247 [32m        [0;39m Running the evict task with compensationTime 0ms
2021-07-29 18:14:26.068 INFO  c.netflix.eureka.registry.AbstractInstanceRegistry:1247 [32m        [0;39m Running the evict task with compensationTime 4ms
2021-07-29 18:15:26.070 INFO  c.netflix.eureka.registry.AbstractInstanceRegistry:1247 [32m        [0;39m Running the evict task with compensationTime 1ms
2021-07-29 18:16:26.073 INFO  c.netflix.eureka.registry.AbstractInstanceRegistry:1247 [32m        [0;39m Running the evict task with compensationTime 3ms
2021-07-29 18:17:26.086 INFO  c.netflix.eureka.registry.AbstractInstanceRegistry:1247 [32m        [0;39m Running the evict task with compensationTime 12ms
2021-07-29 18:18:26.101 INFO  c.netflix.eureka.registry.AbstractInstanceRegistry:1247 [32m        [0;39m Running the evict task with compensationTime 15ms
2021-07-29 18:19:26.103 INFO  c.netflix.eureka.registry.AbstractInstanceRegistry:1247 [32m        [0;39m Running the evict task with compensationTime 1ms
2021-07-29 18:20:25.679 INFO  c.n.eureka.registry.PeerAwareInstanceRegistryImpl :552  [32m        [0;39m Current renewal threshold is : 3
2021-07-29 18:20:26.113 INFO  c.netflix.eureka.registry.AbstractInstanceRegistry:1247 [32m        [0;39m Running the evict task with compensationTime 10ms
2021-07-29 18:21:26.124 INFO  c.netflix.eureka.registry.AbstractInstanceRegistry:1247 [32m        [0;39m Running the evict task with compensationTime 10ms
2021-07-29 18:22:26.129 INFO  c.netflix.eureka.registry.AbstractInstanceRegistry:1247 [32m        [0;39m Running the evict task with compensationTime 4ms
2021-07-29 18:23:26.135 INFO  c.netflix.eureka.registry.AbstractInstanceRegistry:1247 [32m        [0;39m Running the evict task with compensationTime 6ms
2021-07-29 18:24:26.138 INFO  c.netflix.eureka.registry.AbstractInstanceRegistry:1247 [32m        [0;39m Running the evict task with compensationTime 2ms
2021-07-29 18:25:26.148 INFO  c.netflix.eureka.registry.AbstractInstanceRegistry:1247 [32m        [0;39m Running the evict task with compensationTime 10ms
2021-07-29 18:26:26.155 INFO  c.netflix.eureka.registry.AbstractInstanceRegistry:1247 [32m        [0;39m Running the evict task with compensationTime 6ms
2021-07-29 18:27:26.158 INFO  c.netflix.eureka.registry.AbstractInstanceRegistry:1247 [32m        [0;39m Running the evict task with compensationTime 3ms
2021-07-29 18:28:26.164 INFO  c.netflix.eureka.registry.AbstractInstanceRegistry:1247 [32m        [0;39m Running the evict task with compensationTime 5ms
2021-07-29 18:29:26.174 INFO  c.netflix.eureka.registry.AbstractInstanceRegistry:1247 [32m        [0;39m Running the evict task with compensationTime 10ms
2021-07-29 18:30:26.185 INFO  c.netflix.eureka.registry.AbstractInstanceRegistry:1247 [32m        [0;39m Running the evict task with compensationTime 10ms
2021-07-29 18:31:26.198 INFO  c.netflix.eureka.registry.AbstractInstanceRegistry:1247 [32m        [0;39m Running the evict task with compensationTime 12ms
2021-07-29 18:32:26.201 INFO  c.netflix.eureka.registry.AbstractInstanceRegistry:1247 [32m        [0;39m Running the evict task with compensationTime 3ms
2021-07-29 18:33:26.216 INFO  c.netflix.eureka.registry.AbstractInstanceRegistry:1247 [32m        [0;39m Running the evict task with compensationTime 14ms
2021-07-29 18:34:26.221 INFO  c.netflix.eureka.registry.AbstractInstanceRegistry:1247 [32m        [0;39m Running the evict task with compensationTime 5ms
2021-07-29 18:35:25.693 INFO  c.n.eureka.registry.PeerAwareInstanceRegistryImpl :552  [32m        [0;39m Current renewal threshold is : 3
2021-07-29 18:35:26.224 INFO  c.netflix.eureka.registry.AbstractInstanceRegistry:1247 [32m        [0;39m Running the evict task with compensationTime 2ms
2021-07-29 18:36:26.235 INFO  c.netflix.eureka.registry.AbstractInstanceRegistry:1247 [32m        [0;39m Running the evict task with compensationTime 11ms
2021-07-29 18:37:26.240 INFO  c.netflix.eureka.registry.AbstractInstanceRegistry:1247 [32m        [0;39m Running the evict task with compensationTime 4ms
2021-07-29 18:38:26.243 INFO  c.netflix.eureka.registry.AbstractInstanceRegistry:1247 [32m        [0;39m Running the evict task with compensationTime 2ms
2021-07-29 18:39:26.248 INFO  c.netflix.eureka.registry.AbstractInstanceRegistry:1247 [32m        [0;39m Running the evict task with compensationTime 5ms
2021-07-29 18:40:26.249 INFO  c.netflix.eureka.registry.AbstractInstanceRegistry:1247 [32m        [0;39m Running the evict task with compensationTime 0ms
2021-07-29 18:41:26.256 INFO  c.netflix.eureka.registry.AbstractInstanceRegistry:1247 [32m        [0;39m Running the evict task with compensationTime 7ms
2021-07-29 18:42:26.271 INFO  c.netflix.eureka.registry.AbstractInstanceRegistry:1247 [32m        [0;39m Running the evict task with compensationTime 15ms
2021-07-29 18:43:26.284 INFO  c.netflix.eureka.registry.AbstractInstanceRegistry:1247 [32m        [0;39m Running the evict task with compensationTime 12ms
2021-07-29 18:44:26.285 INFO  c.netflix.eureka.registry.AbstractInstanceRegistry:1247 [32m        [0;39m Running the evict task with compensationTime 0ms
2021-07-29 18:45:26.295 INFO  c.netflix.eureka.registry.AbstractInstanceRegistry:1247 [32m        [0;39m Running the evict task with compensationTime 10ms
2021-07-29 18:46:26.309 INFO  c.netflix.eureka.registry.AbstractInstanceRegistry:1247 [32m        [0;39m Running the evict task with compensationTime 13ms
2021-07-29 18:47:26.316 INFO  c.netflix.eureka.registry.AbstractInstanceRegistry:1247 [32m        [0;39m Running the evict task with compensationTime 7ms
2021-07-29 18:48:26.321 INFO  c.netflix.eureka.registry.AbstractInstanceRegistry:1247 [32m        [0;39m Running the evict task with compensationTime 4ms
2021-07-29 18:49:26.322 INFO  c.netflix.eureka.registry.AbstractInstanceRegistry:1247 [32m        [0;39m Running the evict task with compensationTime 1ms
2021-07-29 18:50:25.701 INFO  c.n.eureka.registry.PeerAwareInstanceRegistryImpl :552  [32m        [0;39m Current renewal threshold is : 3
2021-07-29 18:50:26.334 INFO  c.netflix.eureka.registry.AbstractInstanceRegistry:1247 [32m        [0;39m Running the evict task with compensationTime 11ms
2021-07-29 18:51:26.346 INFO  c.netflix.eureka.registry.AbstractInstanceRegistry:1247 [32m        [0;39m Running the evict task with compensationTime 12ms
2021-07-29 18:52:26.360 INFO  c.netflix.eureka.registry.AbstractInstanceRegistry:1247 [32m        [0;39m Running the evict task with compensationTime 13ms
2021-07-29 18:53:26.372 INFO  c.netflix.eureka.registry.AbstractInstanceRegistry:1247 [32m        [0;39m Running the evict task with compensationTime 12ms
2021-07-29 18:54:26.380 INFO  c.netflix.eureka.registry.AbstractInstanceRegistry:1247 [32m        [0;39m Running the evict task with compensationTime 8ms
2021-07-29 18:55:26.382 INFO  c.netflix.eureka.registry.AbstractInstanceRegistry:1247 [32m        [0;39m Running the evict task with compensationTime 2ms
2021-07-29 18:56:26.388 INFO  c.netflix.eureka.registry.AbstractInstanceRegistry:1247 [32m        [0;39m Running the evict task with compensationTime 5ms
2021-07-29 18:57:26.390 INFO  c.netflix.eureka.registry.AbstractInstanceRegistry:1247 [32m        [0;39m Running the evict task with compensationTime 2ms
2021-07-29 18:58:26.391 INFO  c.netflix.eureka.registry.AbstractInstanceRegistry:1247 [32m        [0;39m Running the evict task with compensationTime 0ms
2021-07-29 18:59:26.395 INFO  c.netflix.eureka.registry.AbstractInstanceRegistry:1247 [32m        [0;39m Running the evict task with compensationTime 3ms
2021-07-29 19:00:26.406 INFO  c.netflix.eureka.registry.AbstractInstanceRegistry:1247 [32m        [0;39m Running the evict task with compensationTime 10ms
2021-07-29 19:01:26.413 INFO  c.netflix.eureka.registry.AbstractInstanceRegistry:1247 [32m        [0;39m Running the evict task with compensationTime 7ms
2021-07-29 19:02:26.426 INFO  c.netflix.eureka.registry.AbstractInstanceRegistry:1247 [32m        [0;39m Running the evict task with compensationTime 13ms
2021-07-29 19:03:26.435 INFO  c.netflix.eureka.registry.AbstractInstanceRegistry:1247 [32m        [0;39m Running the evict task with compensationTime 8ms
2021-07-29 19:04:26.437 INFO  c.netflix.eureka.registry.AbstractInstanceRegistry:1247 [32m        [0;39m Running the evict task with compensationTime 2ms
2021-07-29 19:05:25.704 INFO  c.n.eureka.registry.PeerAwareInstanceRegistryImpl :552  [32m        [0;39m Current renewal threshold is : 3
2021-07-29 19:05:26.449 INFO  c.netflix.eureka.registry.AbstractInstanceRegistry:1247 [32m        [0;39m Running the evict task with compensationTime 11ms
2021-07-29 19:06:26.450 INFO  c.netflix.eureka.registry.AbstractInstanceRegistry:1247 [32m        [0;39m Running the evict task with compensationTime 1ms
2021-07-29 19:07:26.453 INFO  c.netflix.eureka.registry.AbstractInstanceRegistry:1247 [32m        [0;39m Running the evict task with compensationTime 3ms
2021-07-29 19:08:26.454 INFO  c.netflix.eureka.registry.AbstractInstanceRegistry:1247 [32m        [0;39m Running the evict task with compensationTime 1ms
2021-07-29 19:09:26.468 INFO  c.netflix.eureka.registry.AbstractInstanceRegistry:1247 [32m        [0;39m Running the evict task with compensationTime 13ms
2021-07-29 19:10:26.474 INFO  c.netflix.eureka.registry.AbstractInstanceRegistry:1247 [32m        [0;39m Running the evict task with compensationTime 5ms
2021-07-29 19:11:26.482 INFO  c.netflix.eureka.registry.AbstractInstanceRegistry:1247 [32m        [0;39m Running the evict task with compensationTime 7ms
2021-07-29 19:12:26.495 INFO  c.netflix.eureka.registry.AbstractInstanceRegistry:1247 [32m        [0;39m Running the evict task with compensationTime 13ms
2021-07-29 19:13:26.500 INFO  c.netflix.eureka.registry.AbstractInstanceRegistry:1247 [32m        [0;39m Running the evict task with compensationTime 5ms
2021-07-29 19:14:26.500 INFO  c.netflix.eureka.registry.AbstractInstanceRegistry:1247 [32m        [0;39m Running the evict task with compensationTime 0ms
2021-07-29 19:15:26.515 INFO  c.netflix.eureka.registry.AbstractInstanceRegistry:1247 [32m        [0;39m Running the evict task with compensationTime 14ms
2021-07-29 19:16:26.517 INFO  c.netflix.eureka.registry.AbstractInstanceRegistry:1247 [32m        [0;39m Running the evict task with compensationTime 1ms
2021-07-29 19:17:26.531 INFO  c.netflix.eureka.registry.AbstractInstanceRegistry:1247 [32m        [0;39m Running the evict task with compensationTime 14ms
2021-07-29 19:18:26.539 INFO  c.netflix.eureka.registry.AbstractInstanceRegistry:1247 [32m        [0;39m Running the evict task with compensationTime 7ms
2021-07-29 19:19:26.554 INFO  c.netflix.eureka.registry.AbstractInstanceRegistry:1247 [32m        [0;39m Running the evict task with compensationTime 15ms
2021-07-29 19:20:25.709 INFO  c.n.eureka.registry.PeerAwareInstanceRegistryImpl :552  [32m        [0;39m Current renewal threshold is : 3
2021-07-29 19:20:26.560 INFO  c.netflix.eureka.registry.AbstractInstanceRegistry:1247 [32m        [0;39m Running the evict task with compensationTime 6ms
2021-07-29 19:21:26.567 INFO  c.netflix.eureka.registry.AbstractInstanceRegistry:1247 [32m        [0;39m Running the evict task with compensationTime 7ms
2021-07-29 19:22:26.576 INFO  c.netflix.eureka.registry.AbstractInstanceRegistry:1247 [32m        [0;39m Running the evict task with compensationTime 8ms
2021-07-29 19:23:26.591 INFO  c.netflix.eureka.registry.AbstractInstanceRegistry:1247 [32m        [0;39m Running the evict task with compensationTime 14ms
2021-07-29 19:24:26.592 INFO  c.netflix.eureka.registry.AbstractInstanceRegistry:1247 [32m        [0;39m Running the evict task with compensationTime 1ms
2021-07-29 19:25:26.593 INFO  c.netflix.eureka.registry.AbstractInstanceRegistry:1247 [32m        [0;39m Running the evict task with compensationTime 0ms
2021-07-29 19:26:26.597 INFO  c.netflix.eureka.registry.AbstractInstanceRegistry:1247 [32m        [0;39m Running the evict task with compensationTime 3ms
2021-07-29 19:27:26.607 INFO  c.netflix.eureka.registry.AbstractInstanceRegistry:1247 [32m        [0;39m Running the evict task with compensationTime 10ms
2021-07-29 19:28:26.610 INFO  c.netflix.eureka.registry.AbstractInstanceRegistry:1247 [32m        [0;39m Running the evict task with compensationTime 2ms
2021-07-29 19:29:26.614 INFO  c.netflix.eureka.registry.AbstractInstanceRegistry:1247 [32m        [0;39m Running the evict task with compensationTime 4ms
2021-07-29 19:30:26.617 INFO  c.netflix.eureka.registry.AbstractInstanceRegistry:1247 [32m        [0;39m Running the evict task with compensationTime 2ms
2021-07-29 19:31:26.621 INFO  c.netflix.eureka.registry.AbstractInstanceRegistry:1247 [32m        [0;39m Running the evict task with compensationTime 4ms
2021-07-29 19:32:26.628 INFO  c.netflix.eureka.registry.AbstractInstanceRegistry:1247 [32m        [0;39m Running the evict task with compensationTime 6ms
2021-07-29 19:33:26.640 INFO  c.netflix.eureka.registry.AbstractInstanceRegistry:1247 [32m        [0;39m Running the evict task with compensationTime 12ms
2021-07-29 19:34:26.652 INFO  c.netflix.eureka.registry.AbstractInstanceRegistry:1247 [32m        [0;39m Running the evict task with compensationTime 12ms
2021-07-29 19:35:25.716 INFO  c.n.eureka.registry.PeerAwareInstanceRegistryImpl :552  [32m        [0;39m Current renewal threshold is : 3
2021-07-29 19:35:26.663 INFO  c.netflix.eureka.registry.AbstractInstanceRegistry:1247 [32m        [0;39m Running the evict task with compensationTime 10ms
2021-07-29 19:36:26.674 INFO  c.netflix.eureka.registry.AbstractInstanceRegistry:1247 [32m        [0;39m Running the evict task with compensationTime 11ms
2021-07-29 19:37:26.681 INFO  c.netflix.eureka.registry.AbstractInstanceRegistry:1247 [32m        [0;39m Running the evict task with compensationTime 7ms
2021-07-29 19:38:26.690 INFO  c.netflix.eureka.registry.AbstractInstanceRegistry:1247 [32m        [0;39m Running the evict task with compensationTime 8ms
2021-07-29 19:39:26.695 INFO  c.netflix.eureka.registry.AbstractInstanceRegistry:1247 [32m        [0;39m Running the evict task with compensationTime 5ms
2021-07-29 19:40:26.700 INFO  c.netflix.eureka.registry.AbstractInstanceRegistry:1247 [32m        [0;39m Running the evict task with compensationTime 4ms
2021-07-29 19:41:26.715 INFO  c.netflix.eureka.registry.AbstractInstanceRegistry:1247 [32m        [0;39m Running the evict task with compensationTime 15ms
2021-07-29 19:42:26.727 INFO  c.netflix.eureka.registry.AbstractInstanceRegistry:1247 [32m        [0;39m Running the evict task with compensationTime 11ms
2021-07-29 19:43:26.735 INFO  c.netflix.eureka.registry.AbstractInstanceRegistry:1247 [32m        [0;39m Running the evict task with compensationTime 8ms
2021-07-29 19:44:26.735 INFO  c.netflix.eureka.registry.AbstractInstanceRegistry:1247 [32m        [0;39m Running the evict task with compensationTime 0ms
2021-07-29 19:45:26.745 INFO  c.netflix.eureka.registry.AbstractInstanceRegistry:1247 [32m        [0;39m Running the evict task with compensationTime 9ms
2021-07-29 19:46:26.755 INFO  c.netflix.eureka.registry.AbstractInstanceRegistry:1247 [32m        [0;39m Running the evict task with compensationTime 10ms
2021-07-29 19:47:26.764 INFO  c.netflix.eureka.registry.AbstractInstanceRegistry:1247 [32m        [0;39m Running the evict task with compensationTime 8ms
2021-07-29 19:48:26.768 INFO  c.netflix.eureka.registry.AbstractInstanceRegistry:1247 [32m        [0;39m Running the evict task with compensationTime 4ms
2021-07-29 19:49:26.774 INFO  c.netflix.eureka.registry.AbstractInstanceRegistry:1247 [32m        [0;39m Running the evict task with compensationTime 5ms
2021-07-29 19:50:25.717 INFO  c.n.eureka.registry.PeerAwareInstanceRegistryImpl :552  [32m        [0;39m Current renewal threshold is : 3
2021-07-29 19:50:26.786 INFO  c.netflix.eureka.registry.AbstractInstanceRegistry:1247 [32m        [0;39m Running the evict task with compensationTime 12ms
2021-07-29 19:51:26.791 INFO  c.netflix.eureka.registry.AbstractInstanceRegistry:1247 [32m        [0;39m Running the evict task with compensationTime 4ms
2021-07-29 19:52:26.794 INFO  c.netflix.eureka.registry.AbstractInstanceRegistry:1247 [32m        [0;39m Running the evict task with compensationTime 2ms
2021-07-29 19:53:26.803 INFO  c.netflix.eureka.registry.AbstractInstanceRegistry:1247 [32m        [0;39m Running the evict task with compensationTime 9ms
2021-07-29 19:54:26.813 INFO  c.netflix.eureka.registry.AbstractInstanceRegistry:1247 [32m        [0;39m Running the evict task with compensationTime 10ms
2021-07-29 19:55:26.816 INFO  c.netflix.eureka.registry.AbstractInstanceRegistry:1247 [32m        [0;39m Running the evict task with compensationTime 2ms
2021-07-29 19:56:26.820 INFO  c.netflix.eureka.registry.AbstractInstanceRegistry:1247 [32m        [0;39m Running the evict task with compensationTime 4ms
2021-07-29 19:57:26.823 INFO  c.netflix.eureka.registry.AbstractInstanceRegistry:1247 [32m        [0;39m Running the evict task with compensationTime 3ms
2021-07-29 19:58:26.835 INFO  c.netflix.eureka.registry.AbstractInstanceRegistry:1247 [32m        [0;39m Running the evict task with compensationTime 11ms
2021-07-29 19:59:26.848 INFO  c.netflix.eureka.registry.AbstractInstanceRegistry:1247 [32m        [0;39m Running the evict task with compensationTime 13ms
2021-07-29 20:00:26.861 INFO  c.netflix.eureka.registry.AbstractInstanceRegistry:1247 [32m        [0;39m Running the evict task with compensationTime 12ms
2021-07-29 20:01:26.871 INFO  c.netflix.eureka.registry.AbstractInstanceRegistry:1247 [32m        [0;39m Running the evict task with compensationTime 10ms
2021-07-29 20:02:26.874 INFO  c.netflix.eureka.registry.AbstractInstanceRegistry:1247 [32m        [0;39m Running the evict task with compensationTime 3ms
2021-07-29 20:03:26.878 INFO  c.netflix.eureka.registry.AbstractInstanceRegistry:1247 [32m        [0;39m Running the evict task with compensationTime 3ms
2021-07-29 20:04:26.888 INFO  c.netflix.eureka.registry.AbstractInstanceRegistry:1247 [32m        [0;39m Running the evict task with compensationTime 10ms
2021-07-29 20:05:25.723 INFO  c.n.eureka.registry.PeerAwareInstanceRegistryImpl :552  [32m        [0;39m Current renewal threshold is : 3
2021-07-29 20:05:26.895 INFO  c.netflix.eureka.registry.AbstractInstanceRegistry:1247 [32m        [0;39m Running the evict task with compensationTime 6ms
2021-07-29 20:06:26.910 INFO  c.netflix.eureka.registry.AbstractInstanceRegistry:1247 [32m        [0;39m Running the evict task with compensationTime 14ms
2021-07-29 20:07:26.916 INFO  c.netflix.eureka.registry.AbstractInstanceRegistry:1247 [32m        [0;39m Running the evict task with compensationTime 6ms
2021-07-29 20:08:26.926 INFO  c.netflix.eureka.registry.AbstractInstanceRegistry:1247 [32m        [0;39m Running the evict task with compensationTime 9ms
2021-07-29 20:09:26.941 INFO  c.netflix.eureka.registry.AbstractInstanceRegistry:1247 [32m        [0;39m Running the evict task with compensationTime 14ms
2021-07-29 20:10:26.944 INFO  c.netflix.eureka.registry.AbstractInstanceRegistry:1247 [32m        [0;39m Running the evict task with compensationTime 3ms
2021-07-29 20:11:26.951 INFO  c.netflix.eureka.registry.AbstractInstanceRegistry:1247 [32m        [0;39m Running the evict task with compensationTime 7ms
2021-07-29 20:12:26.964 INFO  c.netflix.eureka.registry.AbstractInstanceRegistry:1247 [32m        [0;39m Running the evict task with compensationTime 12ms
2021-07-29 20:13:26.967 INFO  c.netflix.eureka.registry.AbstractInstanceRegistry:1247 [32m        [0;39m Running the evict task with compensationTime 3ms
2021-07-29 20:14:26.974 INFO  c.netflix.eureka.registry.AbstractInstanceRegistry:1247 [32m        [0;39m Running the evict task with compensationTime 6ms
2021-07-29 20:15:26.974 INFO  c.netflix.eureka.registry.AbstractInstanceRegistry:1247 [32m        [0;39m Running the evict task with compensationTime 0ms
2021-07-29 20:16:26.983 INFO  c.netflix.eureka.registry.AbstractInstanceRegistry:1247 [32m        [0;39m Running the evict task with compensationTime 9ms
2021-07-29 20:17:26.991 INFO  c.netflix.eureka.registry.AbstractInstanceRegistry:1247 [32m        [0;39m Running the evict task with compensationTime 7ms
2021-07-29 20:18:26.992 INFO  c.netflix.eureka.registry.AbstractInstanceRegistry:1247 [32m        [0;39m Running the evict task with compensationTime 1ms
2021-07-29 20:19:27.004 INFO  c.netflix.eureka.registry.AbstractInstanceRegistry:1247 [32m        [0;39m Running the evict task with compensationTime 11ms
2021-07-29 20:20:25.726 INFO  c.n.eureka.registry.PeerAwareInstanceRegistryImpl :552  [32m        [0;39m Current renewal threshold is : 3
2021-07-29 20:20:27.008 INFO  c.netflix.eureka.registry.AbstractInstanceRegistry:1247 [32m        [0;39m Running the evict task with compensationTime 4ms
2021-07-29 20:21:27.010 INFO  c.netflix.eureka.registry.AbstractInstanceRegistry:1247 [32m        [0;39m Running the evict task with compensationTime 1ms
2021-07-29 20:22:27.022 INFO  c.netflix.eureka.registry.AbstractInstanceRegistry:1247 [32m        [0;39m Running the evict task with compensationTime 11ms
2021-07-29 20:23:27.035 INFO  c.netflix.eureka.registry.AbstractInstanceRegistry:1247 [32m        [0;39m Running the evict task with compensationTime 12ms
2021-07-29 20:24:27.049 INFO  c.netflix.eureka.registry.AbstractInstanceRegistry:1247 [32m        [0;39m Running the evict task with compensationTime 14ms
2021-07-29 20:25:27.058 INFO  c.netflix.eureka.registry.AbstractInstanceRegistry:1247 [32m        [0;39m Running the evict task with compensationTime 8ms
2021-07-29 20:26:27.063 INFO  c.netflix.eureka.registry.AbstractInstanceRegistry:1247 [32m        [0;39m Running the evict task with compensationTime 4ms
2021-07-29 20:27:27.078 INFO  c.netflix.eureka.registry.AbstractInstanceRegistry:1247 [32m        [0;39m Running the evict task with compensationTime 15ms
2021-07-29 20:28:27.082 INFO  c.netflix.eureka.registry.AbstractInstanceRegistry:1247 [32m        [0;39m Running the evict task with compensationTime 3ms
2021-07-29 20:29:27.083 INFO  c.netflix.eureka.registry.AbstractInstanceRegistry:1247 [32m        [0;39m Running the evict task with compensationTime 1ms
2021-07-29 20:30:27.098 INFO  c.netflix.eureka.registry.AbstractInstanceRegistry:1247 [32m        [0;39m Running the evict task with compensationTime 15ms
2021-07-29 20:31:27.105 INFO  c.netflix.eureka.registry.AbstractInstanceRegistry:1247 [32m        [0;39m Running the evict task with compensationTime 6ms
2021-07-29 20:32:27.116 INFO  c.netflix.eureka.registry.AbstractInstanceRegistry:1247 [32m        [0;39m Running the evict task with compensationTime 10ms
2021-07-29 20:33:27.130 INFO  c.netflix.eureka.registry.AbstractInstanceRegistry:1247 [32m        [0;39m Running the evict task with compensationTime 14ms
2021-07-29 20:34:27.134 INFO  c.netflix.eureka.registry.AbstractInstanceRegistry:1247 [32m        [0;39m Running the evict task with compensationTime 4ms
2021-07-29 20:35:25.740 INFO  c.n.eureka.registry.PeerAwareInstanceRegistryImpl :552  [32m        [0;39m Current renewal threshold is : 3
2021-07-29 20:35:27.146 INFO  c.netflix.eureka.registry.AbstractInstanceRegistry:1247 [32m        [0;39m Running the evict task with compensationTime 11ms
2021-07-29 20:36:27.158 INFO  c.netflix.eureka.registry.AbstractInstanceRegistry:1247 [32m        [0;39m Running the evict task with compensationTime 11ms
2021-07-29 20:37:27.164 INFO  c.netflix.eureka.registry.AbstractInstanceRegistry:1247 [32m        [0;39m Running the evict task with compensationTime 6ms
2021-07-29 20:38:27.174 INFO  c.netflix.eureka.registry.AbstractInstanceRegistry:1247 [32m        [0;39m Running the evict task with compensationTime 9ms
2021-07-29 20:39:27.182 INFO  c.netflix.eureka.registry.AbstractInstanceRegistry:1247 [32m        [0;39m Running the evict task with compensationTime 8ms
2021-07-29 20:40:27.193 INFO  c.netflix.eureka.registry.AbstractInstanceRegistry:1247 [32m        [0;39m Running the evict task with compensationTime 11ms
2021-07-29 20:41:27.203 INFO  c.netflix.eureka.registry.AbstractInstanceRegistry:1247 [32m        [0;39m Running the evict task with compensationTime 10ms
2021-07-29 20:42:27.212 INFO  c.netflix.eureka.registry.AbstractInstanceRegistry:1247 [32m        [0;39m Running the evict task with compensationTime 8ms
2021-07-29 20:43:27.226 INFO  c.netflix.eureka.registry.AbstractInstanceRegistry:1247 [32m        [0;39m Running the evict task with compensationTime 13ms
2021-07-29 20:44:27.232 INFO  c.netflix.eureka.registry.AbstractInstanceRegistry:1247 [32m        [0;39m Running the evict task with compensationTime 5ms
2021-07-29 20:45:27.246 INFO  c.netflix.eureka.registry.AbstractInstanceRegistry:1247 [32m        [0;39m Running the evict task with compensationTime 14ms
2021-07-29 20:46:27.255 INFO  c.netflix.eureka.registry.AbstractInstanceRegistry:1247 [32m        [0;39m Running the evict task with compensationTime 9ms
2021-07-29 20:47:27.264 INFO  c.netflix.eureka.registry.AbstractInstanceRegistry:1247 [32m        [0;39m Running the evict task with compensationTime 9ms
2021-07-29 20:48:27.273 INFO  c.netflix.eureka.registry.AbstractInstanceRegistry:1247 [32m        [0;39m Running the evict task with compensationTime 8ms
2021-07-29 20:49:27.278 INFO  c.netflix.eureka.registry.AbstractInstanceRegistry:1247 [32m        [0;39m Running the evict task with compensationTime 4ms
2021-07-29 20:50:25.746 INFO  c.n.eureka.registry.PeerAwareInstanceRegistryImpl :552  [32m        [0;39m Current renewal threshold is : 3
2021-07-29 20:50:27.290 INFO  c.netflix.eureka.registry.AbstractInstanceRegistry:1247 [32m        [0;39m Running the evict task with compensationTime 11ms
2021-07-29 20:51:27.298 INFO  c.netflix.eureka.registry.AbstractInstanceRegistry:1247 [32m        [0;39m Running the evict task with compensationTime 8ms
2021-07-29 20:52:27.310 INFO  c.netflix.eureka.registry.AbstractInstanceRegistry:1247 [32m        [0;39m Running the evict task with compensationTime 12ms
2021-07-29 20:53:27.326 INFO  c.netflix.eureka.registry.AbstractInstanceRegistry:1247 [32m        [0;39m Running the evict task with compensationTime 15ms
2021-07-29 20:54:27.340 INFO  c.netflix.eureka.registry.AbstractInstanceRegistry:1247 [32m        [0;39m Running the evict task with compensationTime 14ms
2021-07-29 20:55:27.341 INFO  c.netflix.eureka.registry.AbstractInstanceRegistry:1247 [32m        [0;39m Running the evict task with compensationTime 1ms
2021-07-29 20:56:27.348 INFO  c.netflix.eureka.registry.AbstractInstanceRegistry:1247 [32m        [0;39m Running the evict task with compensationTime 7ms
2021-07-29 20:57:27.357 INFO  c.netflix.eureka.registry.AbstractInstanceRegistry:1247 [32m        [0;39m Running the evict task with compensationTime 8ms
2021-07-29 20:58:27.370 INFO  c.netflix.eureka.registry.AbstractInstanceRegistry:1247 [32m        [0;39m Running the evict task with compensationTime 12ms
2021-07-29 20:59:27.370 INFO  c.netflix.eureka.registry.AbstractInstanceRegistry:1247 [32m        [0;39m Running the evict task with compensationTime 0ms
2021-07-29 21:00:27.383 INFO  c.netflix.eureka.registry.AbstractInstanceRegistry:1247 [32m        [0;39m Running the evict task with compensationTime 13ms
2021-07-29 21:01:27.395 INFO  c.netflix.eureka.registry.AbstractInstanceRegistry:1247 [32m        [0;39m Running the evict task with compensationTime 11ms
2021-07-29 21:02:27.402 INFO  c.netflix.eureka.registry.AbstractInstanceRegistry:1247 [32m        [0;39m Running the evict task with compensationTime 7ms
2021-07-29 21:03:27.412 INFO  c.netflix.eureka.registry.AbstractInstanceRegistry:1247 [32m        [0;39m Running the evict task with compensationTime 10ms
2021-07-29 21:04:27.420 INFO  c.netflix.eureka.registry.AbstractInstanceRegistry:1247 [32m        [0;39m Running the evict task with compensationTime 7ms
2021-07-29 21:05:25.755 INFO  c.n.eureka.registry.PeerAwareInstanceRegistryImpl :552  [32m        [0;39m Current renewal threshold is : 3
2021-07-29 21:05:27.422 INFO  c.netflix.eureka.registry.AbstractInstanceRegistry:1247 [32m        [0;39m Running the evict task with compensationTime 2ms
2021-07-29 21:06:27.430 INFO  c.netflix.eureka.registry.AbstractInstanceRegistry:1247 [32m        [0;39m Running the evict task with compensationTime 8ms
2021-07-29 21:07:27.437 INFO  c.netflix.eureka.registry.AbstractInstanceRegistry:1247 [32m        [0;39m Running the evict task with compensationTime 6ms
2021-07-29 21:08:27.440 INFO  c.netflix.eureka.registry.AbstractInstanceRegistry:1247 [32m        [0;39m Running the evict task with compensationTime 3ms
2021-07-29 21:09:27.445 INFO  c.netflix.eureka.registry.AbstractInstanceRegistry:1247 [32m        [0;39m Running the evict task with compensationTime 5ms
2021-07-29 21:10:27.456 INFO  c.netflix.eureka.registry.AbstractInstanceRegistry:1247 [32m        [0;39m Running the evict task with compensationTime 11ms
2021-07-29 21:11:27.466 INFO  c.netflix.eureka.registry.AbstractInstanceRegistry:1247 [32m        [0;39m Running the evict task with compensationTime 9ms
2021-07-29 21:12:27.468 INFO  c.netflix.eureka.registry.AbstractInstanceRegistry:1247 [32m        [0;39m Running the evict task with compensationTime 2ms
2021-07-29 21:13:27.481 INFO  c.netflix.eureka.registry.AbstractInstanceRegistry:1247 [32m        [0;39m Running the evict task with compensationTime 12ms
2021-07-29 21:14:27.493 INFO  c.netflix.eureka.registry.AbstractInstanceRegistry:1247 [32m        [0;39m Running the evict task with compensationTime 12ms
2021-07-29 21:15:27.499 INFO  c.netflix.eureka.registry.AbstractInstanceRegistry:1247 [32m        [0;39m Running the evict task with compensationTime 5ms
2021-07-29 21:16:27.511 INFO  c.netflix.eureka.registry.AbstractInstanceRegistry:1247 [32m        [0;39m Running the evict task with compensationTime 12ms
2021-07-29 21:17:27.511 INFO  c.netflix.eureka.registry.AbstractInstanceRegistry:1247 [32m        [0;39m Running the evict task with compensationTime 0ms
2021-07-29 21:18:27.521 INFO  c.netflix.eureka.registry.AbstractInstanceRegistry:1247 [32m        [0;39m Running the evict task with compensationTime 9ms
2021-07-29 21:19:27.528 INFO  c.netflix.eureka.registry.AbstractInstanceRegistry:1247 [32m        [0;39m Running the evict task with compensationTime 6ms
2021-07-29 21:20:25.760 INFO  c.n.eureka.registry.PeerAwareInstanceRegistryImpl :552  [32m        [0;39m Current renewal threshold is : 3
2021-07-29 21:20:27.536 INFO  c.netflix.eureka.registry.AbstractInstanceRegistry:1247 [32m        [0;39m Running the evict task with compensationTime 8ms
2021-07-29 21:21:27.550 INFO  c.netflix.eureka.registry.AbstractInstanceRegistry:1247 [32m        [0;39m Running the evict task with compensationTime 13ms
2021-07-29 21:22:27.557 INFO  c.netflix.eureka.registry.AbstractInstanceRegistry:1247 [32m        [0;39m Running the evict task with compensationTime 6ms
2021-07-29 21:23:27.563 INFO  c.netflix.eureka.registry.AbstractInstanceRegistry:1247 [32m        [0;39m Running the evict task with compensationTime 6ms
2021-07-29 21:24:27.568 INFO  c.netflix.eureka.registry.AbstractInstanceRegistry:1247 [32m        [0;39m Running the evict task with compensationTime 4ms
2021-07-29 21:25:27.573 INFO  c.netflix.eureka.registry.AbstractInstanceRegistry:1247 [32m        [0;39m Running the evict task with compensationTime 5ms
2021-07-29 21:26:27.584 INFO  c.netflix.eureka.registry.AbstractInstanceRegistry:1247 [32m        [0;39m Running the evict task with compensationTime 10ms
2021-07-29 21:27:27.591 INFO  c.netflix.eureka.registry.AbstractInstanceRegistry:1247 [32m        [0;39m Running the evict task with compensationTime 7ms
2021-07-29 21:28:27.600 INFO  c.netflix.eureka.registry.AbstractInstanceRegistry:1247 [32m        [0;39m Running the evict task with compensationTime 8ms
2021-07-29 21:29:27.606 INFO  c.netflix.eureka.registry.AbstractInstanceRegistry:1247 [32m        [0;39m Running the evict task with compensationTime 6ms
2021-07-29 21:30:27.620 INFO  c.netflix.eureka.registry.AbstractInstanceRegistry:1247 [32m        [0;39m Running the evict task with compensationTime 13ms
2021-07-29 21:31:27.628 INFO  c.netflix.eureka.registry.AbstractInstanceRegistry:1247 [32m        [0;39m Running the evict task with compensationTime 8ms
2021-07-29 21:32:27.629 INFO  c.netflix.eureka.registry.AbstractInstanceRegistry:1247 [32m        [0;39m Running the evict task with compensationTime 0ms
2021-07-29 21:33:27.638 INFO  c.netflix.eureka.registry.AbstractInstanceRegistry:1247 [32m        [0;39m Running the evict task with compensationTime 9ms
2021-07-29 21:34:27.639 INFO  c.netflix.eureka.registry.AbstractInstanceRegistry:1247 [32m        [0;39m Running the evict task with compensationTime 1ms
2021-07-29 21:35:25.768 INFO  c.n.eureka.registry.PeerAwareInstanceRegistryImpl :552  [32m        [0;39m Current renewal threshold is : 3
2021-07-29 21:35:27.640 INFO  c.netflix.eureka.registry.AbstractInstanceRegistry:1247 [32m        [0;39m Running the evict task with compensationTime 0ms
2021-07-29 21:36:27.650 INFO  c.netflix.eureka.registry.AbstractInstanceRegistry:1247 [32m        [0;39m Running the evict task with compensationTime 9ms
2021-07-29 21:37:27.660 INFO  c.netflix.eureka.registry.AbstractInstanceRegistry:1247 [32m        [0;39m Running the evict task with compensationTime 10ms
2021-07-29 21:38:27.665 INFO  c.netflix.eureka.registry.AbstractInstanceRegistry:1247 [32m        [0;39m Running the evict task with compensationTime 4ms
2021-07-29 21:39:27.667 INFO  c.netflix.eureka.registry.AbstractInstanceRegistry:1247 [32m        [0;39m Running the evict task with compensationTime 2ms
2021-07-29 21:40:27.679 INFO  c.netflix.eureka.registry.AbstractInstanceRegistry:1247 [32m        [0;39m Running the evict task with compensationTime 12ms
2021-07-29 21:41:27.682 INFO  c.netflix.eureka.registry.AbstractInstanceRegistry:1247 [32m        [0;39m Running the evict task with compensationTime 2ms
2021-07-29 21:42:27.696 INFO  c.netflix.eureka.registry.AbstractInstanceRegistry:1247 [32m        [0;39m Running the evict task with compensationTime 13ms
2021-07-29 21:43:27.697 INFO  c.netflix.eureka.registry.AbstractInstanceRegistry:1247 [32m        [0;39m Running the evict task with compensationTime 1ms
2021-07-29 21:44:27.705 INFO  c.netflix.eureka.registry.AbstractInstanceRegistry:1247 [32m        [0;39m Running the evict task with compensationTime 7ms
2021-07-29 21:45:27.717 INFO  c.netflix.eureka.registry.AbstractInstanceRegistry:1247 [32m        [0;39m Running the evict task with compensationTime 12ms
2021-07-29 21:46:27.720 INFO  c.netflix.eureka.registry.AbstractInstanceRegistry:1247 [32m        [0;39m Running the evict task with compensationTime 3ms
2021-07-29 21:47:27.732 INFO  c.netflix.eureka.registry.AbstractInstanceRegistry:1247 [32m        [0;39m Running the evict task with compensationTime 11ms
2021-07-29 21:48:27.739 INFO  c.netflix.eureka.registry.AbstractInstanceRegistry:1247 [32m        [0;39m Running the evict task with compensationTime 6ms
2021-07-29 21:49:27.748 INFO  c.netflix.eureka.registry.AbstractInstanceRegistry:1247 [32m        [0;39m Running the evict task with compensationTime 9ms
2021-07-29 21:50:25.770 INFO  c.n.eureka.registry.PeerAwareInstanceRegistryImpl :552  [32m        [0;39m Current renewal threshold is : 3
2021-07-29 21:50:27.754 INFO  c.netflix.eureka.registry.AbstractInstanceRegistry:1247 [32m        [0;39m Running the evict task with compensationTime 5ms
2021-07-29 21:51:27.758 INFO  c.netflix.eureka.registry.AbstractInstanceRegistry:1247 [32m        [0;39m Running the evict task with compensationTime 4ms
2021-07-29 21:52:27.770 INFO  c.netflix.eureka.registry.AbstractInstanceRegistry:1247 [32m        [0;39m Running the evict task with compensationTime 11ms
2021-07-29 21:53:27.781 INFO  c.netflix.eureka.registry.AbstractInstanceRegistry:1247 [32m        [0;39m Running the evict task with compensationTime 10ms
2021-07-29 21:54:27.788 INFO  c.netflix.eureka.registry.AbstractInstanceRegistry:1247 [32m        [0;39m Running the evict task with compensationTime 7ms
2021-07-29 21:55:27.797 INFO  c.netflix.eureka.registry.AbstractInstanceRegistry:1247 [32m        [0;39m Running the evict task with compensationTime 8ms
2021-07-29 21:56:27.810 INFO  c.netflix.eureka.registry.AbstractInstanceRegistry:1247 [32m        [0;39m Running the evict task with compensationTime 13ms
2021-07-29 21:57:27.815 INFO  c.netflix.eureka.registry.AbstractInstanceRegistry:1247 [32m        [0;39m Running the evict task with compensationTime 4ms
2021-07-29 21:58:27.823 INFO  c.netflix.eureka.registry.AbstractInstanceRegistry:1247 [32m        [0;39m Running the evict task with compensationTime 8ms
2021-07-29 21:59:27.826 INFO  c.netflix.eureka.registry.AbstractInstanceRegistry:1247 [32m        [0;39m Running the evict task with compensationTime 3ms
2021-07-29 22:00:27.839 INFO  c.netflix.eureka.registry.AbstractInstanceRegistry:1247 [32m        [0;39m Running the evict task with compensationTime 12ms
2021-07-29 22:01:27.847 INFO  c.netflix.eureka.registry.AbstractInstanceRegistry:1247 [32m        [0;39m Running the evict task with compensationTime 8ms
2021-07-29 22:02:27.861 INFO  c.netflix.eureka.registry.AbstractInstanceRegistry:1247 [32m        [0;39m Running the evict task with compensationTime 13ms
2021-07-29 22:03:27.867 INFO  c.netflix.eureka.registry.AbstractInstanceRegistry:1247 [32m        [0;39m Running the evict task with compensationTime 5ms
2021-07-29 22:04:27.880 INFO  c.netflix.eureka.registry.AbstractInstanceRegistry:1247 [32m        [0;39m Running the evict task with compensationTime 13ms
2021-07-29 22:05:25.784 INFO  c.n.eureka.registry.PeerAwareInstanceRegistryImpl :552  [32m        [0;39m Current renewal threshold is : 3
2021-07-29 22:05:27.884 INFO  c.netflix.eureka.registry.AbstractInstanceRegistry:1247 [32m        [0;39m Running the evict task with compensationTime 4ms
2021-07-29 22:06:27.898 INFO  c.netflix.eureka.registry.AbstractInstanceRegistry:1247 [32m        [0;39m Running the evict task with compensationTime 13ms
2021-07-29 22:07:27.902 INFO  c.netflix.eureka.registry.AbstractInstanceRegistry:1247 [32m        [0;39m Running the evict task with compensationTime 3ms
2021-07-29 22:08:27.918 INFO  c.netflix.eureka.registry.AbstractInstanceRegistry:1247 [32m        [0;39m Running the evict task with compensationTime 15ms
2021-07-29 22:09:27.920 INFO  c.netflix.eureka.registry.AbstractInstanceRegistry:1247 [32m        [0;39m Running the evict task with compensationTime 2ms
2021-07-29 22:10:27.934 INFO  c.netflix.eureka.registry.AbstractInstanceRegistry:1247 [32m        [0;39m Running the evict task with compensationTime 13ms
2021-07-29 22:11:27.943 INFO  c.netflix.eureka.registry.AbstractInstanceRegistry:1247 [32m        [0;39m Running the evict task with compensationTime 8ms
2021-07-29 22:12:27.957 INFO  c.netflix.eureka.registry.AbstractInstanceRegistry:1247 [32m        [0;39m Running the evict task with compensationTime 13ms
2021-07-29 22:13:27.965 INFO  c.netflix.eureka.registry.AbstractInstanceRegistry:1247 [32m        [0;39m Running the evict task with compensationTime 8ms
2021-07-29 22:14:27.978 INFO  c.netflix.eureka.registry.AbstractInstanceRegistry:1247 [32m        [0;39m Running the evict task with compensationTime 13ms
2021-07-29 22:15:27.988 INFO  c.netflix.eureka.registry.AbstractInstanceRegistry:1247 [32m        [0;39m Running the evict task with compensationTime 10ms
2021-07-29 22:16:27.998 INFO  c.netflix.eureka.registry.AbstractInstanceRegistry:1247 [32m        [0;39m Running the evict task with compensationTime 9ms
2021-07-29 22:17:28.011 INFO  c.netflix.eureka.registry.AbstractInstanceRegistry:1247 [32m        [0;39m Running the evict task with compensationTime 13ms
2021-07-29 22:18:28.024 INFO  c.netflix.eureka.registry.AbstractInstanceRegistry:1247 [32m        [0;39m Running the evict task with compensationTime 12ms
2021-07-29 22:19:28.033 INFO  c.netflix.eureka.registry.AbstractInstanceRegistry:1247 [32m        [0;39m Running the evict task with compensationTime 9ms
2021-07-29 22:20:25.795 INFO  c.n.eureka.registry.PeerAwareInstanceRegistryImpl :552  [32m        [0;39m Current renewal threshold is : 3
2021-07-29 22:20:28.043 INFO  c.netflix.eureka.registry.AbstractInstanceRegistry:1247 [32m        [0;39m Running the evict task with compensationTime 9ms
2021-07-29 22:21:28.057 INFO  c.netflix.eureka.registry.AbstractInstanceRegistry:1247 [32m        [0;39m Running the evict task with compensationTime 13ms
2021-07-29 22:22:28.063 INFO  c.netflix.eureka.registry.AbstractInstanceRegistry:1247 [32m        [0;39m Running the evict task with compensationTime 6ms
2021-07-29 22:23:28.078 INFO  c.netflix.eureka.registry.AbstractInstanceRegistry:1247 [32m        [0;39m Running the evict task with compensationTime 15ms
2021-07-29 22:24:28.081 INFO  c.netflix.eureka.registry.AbstractInstanceRegistry:1247 [32m        [0;39m Running the evict task with compensationTime 3ms
2021-07-29 22:25:28.094 INFO  c.netflix.eureka.registry.AbstractInstanceRegistry:1247 [32m        [0;39m Running the evict task with compensationTime 12ms
2021-07-29 22:26:28.097 INFO  c.netflix.eureka.registry.AbstractInstanceRegistry:1247 [32m        [0;39m Running the evict task with compensationTime 3ms
2021-07-29 22:27:28.098 INFO  c.netflix.eureka.registry.AbstractInstanceRegistry:1247 [32m        [0;39m Running the evict task with compensationTime 1ms
2021-07-29 22:28:28.106 INFO  c.netflix.eureka.registry.AbstractInstanceRegistry:1247 [32m        [0;39m Running the evict task with compensationTime 8ms
2021-07-29 22:29:28.111 INFO  c.netflix.eureka.registry.AbstractInstanceRegistry:1247 [32m        [0;39m Running the evict task with compensationTime 4ms
2021-07-29 22:30:28.115 INFO  c.netflix.eureka.registry.AbstractInstanceRegistry:1247 [32m        [0;39m Running the evict task with compensationTime 3ms
2021-07-29 22:31:28.118 INFO  c.netflix.eureka.registry.AbstractInstanceRegistry:1247 [32m        [0;39m Running the evict task with compensationTime 2ms
2021-07-29 22:32:28.120 INFO  c.netflix.eureka.registry.AbstractInstanceRegistry:1247 [32m        [0;39m Running the evict task with compensationTime 1ms
2021-07-29 22:33:28.124 INFO  c.netflix.eureka.registry.AbstractInstanceRegistry:1247 [32m        [0;39m Running the evict task with compensationTime 4ms
2021-07-29 22:34:28.134 INFO  c.netflix.eureka.registry.AbstractInstanceRegistry:1247 [32m        [0;39m Running the evict task with compensationTime 9ms
2021-07-29 22:35:25.801 INFO  c.n.eureka.registry.PeerAwareInstanceRegistryImpl :552  [32m        [0;39m Current renewal threshold is : 3
2021-07-29 22:35:28.137 INFO  c.netflix.eureka.registry.AbstractInstanceRegistry:1247 [32m        [0;39m Running the evict task with compensationTime 3ms
2021-07-29 22:36:28.150 INFO  c.netflix.eureka.registry.AbstractInstanceRegistry:1247 [32m        [0;39m Running the evict task with compensationTime 12ms
2021-07-29 22:37:28.164 INFO  c.netflix.eureka.registry.AbstractInstanceRegistry:1247 [32m        [0;39m Running the evict task with compensationTime 14ms
2021-07-29 22:38:28.172 INFO  c.netflix.eureka.registry.AbstractInstanceRegistry:1247 [32m        [0;39m Running the evict task with compensationTime 7ms
2021-07-29 22:39:28.180 INFO  c.netflix.eureka.registry.AbstractInstanceRegistry:1247 [32m        [0;39m Running the evict task with compensationTime 8ms
2021-07-29 22:40:28.193 INFO  c.netflix.eureka.registry.AbstractInstanceRegistry:1247 [32m        [0;39m Running the evict task with compensationTime 13ms
2021-07-29 22:41:28.201 INFO  c.netflix.eureka.registry.AbstractInstanceRegistry:1247 [32m        [0;39m Running the evict task with compensationTime 7ms
2021-07-29 22:42:28.205 INFO  c.netflix.eureka.registry.AbstractInstanceRegistry:1247 [32m        [0;39m Running the evict task with compensationTime 3ms
2021-07-29 22:43:28.219 INFO  c.netflix.eureka.registry.AbstractInstanceRegistry:1247 [32m        [0;39m Running the evict task with compensationTime 14ms
2021-07-29 22:44:28.234 INFO  c.netflix.eureka.registry.AbstractInstanceRegistry:1247 [32m        [0;39m Running the evict task with compensationTime 14ms
2021-07-29 22:45:28.234 INFO  c.netflix.eureka.registry.AbstractInstanceRegistry:1247 [32m        [0;39m Running the evict task with compensationTime 0ms
2021-07-29 22:46:28.249 INFO  c.netflix.eureka.registry.AbstractInstanceRegistry:1247 [32m        [0;39m Running the evict task with compensationTime 14ms
2021-07-29 22:47:28.260 INFO  c.netflix.eureka.registry.AbstractInstanceRegistry:1247 [32m        [0;39m Running the evict task with compensationTime 10ms
2021-07-29 22:48:28.275 INFO  c.netflix.eureka.registry.AbstractInstanceRegistry:1247 [32m        [0;39m Running the evict task with compensationTime 15ms
2021-07-29 22:49:28.276 INFO  c.netflix.eureka.registry.AbstractInstanceRegistry:1247 [32m        [0;39m Running the evict task with compensationTime 0ms
2021-07-29 22:50:25.809 INFO  c.n.eureka.registry.PeerAwareInstanceRegistryImpl :552  [32m        [0;39m Current renewal threshold is : 3
2021-07-29 22:50:28.281 INFO  c.netflix.eureka.registry.AbstractInstanceRegistry:1247 [32m        [0;39m Running the evict task with compensationTime 5ms
2021-07-29 22:51:28.288 INFO  c.netflix.eureka.registry.AbstractInstanceRegistry:1247 [32m        [0;39m Running the evict task with compensationTime 7ms
2021-07-29 22:52:28.296 INFO  c.netflix.eureka.registry.AbstractInstanceRegistry:1247 [32m        [0;39m Running the evict task with compensationTime 7ms
2021-07-29 22:53:28.301 INFO  c.netflix.eureka.registry.AbstractInstanceRegistry:1247 [32m        [0;39m Running the evict task with compensationTime 5ms
2021-07-29 22:54:28.316 INFO  c.netflix.eureka.registry.AbstractInstanceRegistry:1247 [32m        [0;39m Running the evict task with compensationTime 15ms
2021-07-29 22:55:28.320 INFO  c.netflix.eureka.registry.AbstractInstanceRegistry:1247 [32m        [0;39m Running the evict task with compensationTime 3ms
2021-07-29 22:56:28.333 INFO  c.netflix.eureka.registry.AbstractInstanceRegistry:1247 [32m        [0;39m Running the evict task with compensationTime 13ms
2021-07-29 22:57:28.347 INFO  c.netflix.eureka.registry.AbstractInstanceRegistry:1247 [32m        [0;39m Running the evict task with compensationTime 14ms
2021-07-29 22:58:28.355 INFO  c.netflix.eureka.registry.AbstractInstanceRegistry:1247 [32m        [0;39m Running the evict task with compensationTime 7ms
2021-07-29 22:59:28.365 INFO  c.netflix.eureka.registry.AbstractInstanceRegistry:1247 [32m        [0;39m Running the evict task with compensationTime 10ms
2021-07-29 23:00:28.376 INFO  c.netflix.eureka.registry.AbstractInstanceRegistry:1247 [32m        [0;39m Running the evict task with compensationTime 10ms
2021-07-29 23:01:28.385 INFO  c.netflix.eureka.registry.AbstractInstanceRegistry:1247 [32m        [0;39m Running the evict task with compensationTime 8ms
2021-07-29 23:02:28.388 INFO  c.netflix.eureka.registry.AbstractInstanceRegistry:1247 [32m        [0;39m Running the evict task with compensationTime 3ms
2021-07-29 23:03:28.390 INFO  c.netflix.eureka.registry.AbstractInstanceRegistry:1247 [32m        [0;39m Running the evict task with compensationTime 1ms
2021-07-29 23:04:28.402 INFO  c.netflix.eureka.registry.AbstractInstanceRegistry:1247 [32m        [0;39m Running the evict task with compensationTime 12ms
2021-07-29 23:05:25.815 INFO  c.n.eureka.registry.PeerAwareInstanceRegistryImpl :552  [32m        [0;39m Current renewal threshold is : 3
2021-07-29 23:05:28.408 INFO  c.netflix.eureka.registry.AbstractInstanceRegistry:1247 [32m        [0;39m Running the evict task with compensationTime 5ms
2021-07-29 23:06:28.412 INFO  c.netflix.eureka.registry.AbstractInstanceRegistry:1247 [32m        [0;39m Running the evict task with compensationTime 4ms
2021-07-29 23:07:28.419 INFO  c.netflix.eureka.registry.AbstractInstanceRegistry:1247 [32m        [0;39m Running the evict task with compensationTime 7ms
2021-07-29 23:08:28.420 INFO  c.netflix.eureka.registry.AbstractInstanceRegistry:1247 [32m        [0;39m Running the evict task with compensationTime 0ms
2021-07-29 23:09:28.424 INFO  c.netflix.eureka.registry.AbstractInstanceRegistry:1247 [32m        [0;39m Running the evict task with compensationTime 3ms
2021-07-29 23:10:28.432 INFO  c.netflix.eureka.registry.AbstractInstanceRegistry:1247 [32m        [0;39m Running the evict task with compensationTime 8ms
2021-07-29 23:11:28.440 INFO  c.netflix.eureka.registry.AbstractInstanceRegistry:1247 [32m        [0;39m Running the evict task with compensationTime 7ms
2021-07-29 23:12:28.444 INFO  c.netflix.eureka.registry.AbstractInstanceRegistry:1247 [32m        [0;39m Running the evict task with compensationTime 4ms
2021-07-29 23:13:28.455 INFO  c.netflix.eureka.registry.AbstractInstanceRegistry:1247 [32m        [0;39m Running the evict task with compensationTime 11ms
2021-07-29 23:14:28.468 INFO  c.netflix.eureka.registry.AbstractInstanceRegistry:1247 [32m        [0;39m Running the evict task with compensationTime 12ms
2021-07-29 23:15:28.479 INFO  c.netflix.eureka.registry.AbstractInstanceRegistry:1247 [32m        [0;39m Running the evict task with compensationTime 10ms
2021-07-29 23:16:28.485 INFO  c.netflix.eureka.registry.AbstractInstanceRegistry:1247 [32m        [0;39m Running the evict task with compensationTime 6ms
2021-07-29 23:17:28.497 INFO  c.netflix.eureka.registry.AbstractInstanceRegistry:1247 [32m        [0;39m Running the evict task with compensationTime 11ms
2021-07-29 23:18:28.508 INFO  c.netflix.eureka.registry.AbstractInstanceRegistry:1247 [32m        [0;39m Running the evict task with compensationTime 10ms
2021-07-29 23:19:28.519 INFO  c.netflix.eureka.registry.AbstractInstanceRegistry:1247 [32m        [0;39m Running the evict task with compensationTime 11ms
2021-07-29 23:20:25.821 INFO  c.n.eureka.registry.PeerAwareInstanceRegistryImpl :552  [32m        [0;39m Current renewal threshold is : 3
2021-07-29 23:20:28.521 INFO  c.netflix.eureka.registry.AbstractInstanceRegistry:1247 [32m        [0;39m Running the evict task with compensationTime 1ms
2021-07-29 23:21:28.525 INFO  c.netflix.eureka.registry.AbstractInstanceRegistry:1247 [32m        [0;39m Running the evict task with compensationTime 4ms
2021-07-29 23:22:28.528 INFO  c.netflix.eureka.registry.AbstractInstanceRegistry:1247 [32m        [0;39m Running the evict task with compensationTime 2ms
2021-07-29 23:23:28.533 INFO  c.netflix.eureka.registry.AbstractInstanceRegistry:1247 [32m        [0;39m Running the evict task with compensationTime 5ms
2021-07-29 23:24:28.540 INFO  c.netflix.eureka.registry.AbstractInstanceRegistry:1247 [32m        [0;39m Running the evict task with compensationTime 7ms
2021-07-29 23:25:28.544 INFO  c.netflix.eureka.registry.AbstractInstanceRegistry:1247 [32m        [0;39m Running the evict task with compensationTime 3ms
2021-07-29 23:26:28.546 INFO  c.netflix.eureka.registry.AbstractInstanceRegistry:1247 [32m        [0;39m Running the evict task with compensationTime 1ms
2021-07-29 23:27:28.553 INFO  c.netflix.eureka.registry.AbstractInstanceRegistry:1247 [32m        [0;39m Running the evict task with compensationTime 6ms
2021-07-29 23:28:28.558 INFO  c.netflix.eureka.registry.AbstractInstanceRegistry:1247 [32m        [0;39m Running the evict task with compensationTime 5ms
2021-07-29 23:29:28.570 INFO  c.netflix.eureka.registry.AbstractInstanceRegistry:1247 [32m        [0;39m Running the evict task with compensationTime 11ms
2021-07-29 23:30:28.571 INFO  c.netflix.eureka.registry.AbstractInstanceRegistry:1247 [32m        [0;39m Running the evict task with compensationTime 1ms
2021-07-29 23:31:28.572 INFO  c.netflix.eureka.registry.AbstractInstanceRegistry:1247 [32m        [0;39m Running the evict task with compensationTime 0ms
2021-07-29 23:32:28.575 INFO  c.netflix.eureka.registry.AbstractInstanceRegistry:1247 [32m        [0;39m Running the evict task with compensationTime 3ms
2021-07-29 23:33:28.589 INFO  c.netflix.eureka.registry.AbstractInstanceRegistry:1247 [32m        [0;39m Running the evict task with compensationTime 13ms
2021-07-29 23:34:28.596 INFO  c.netflix.eureka.registry.AbstractInstanceRegistry:1247 [32m        [0;39m Running the evict task with compensationTime 7ms
2021-07-29 23:35:25.830 INFO  c.n.eureka.registry.PeerAwareInstanceRegistryImpl :552  [32m        [0;39m Current renewal threshold is : 3
2021-07-29 23:35:28.597 INFO  c.netflix.eureka.registry.AbstractInstanceRegistry:1247 [32m        [0;39m Running the evict task with compensationTime 1ms
2021-07-29 23:36:28.605 INFO  c.netflix.eureka.registry.AbstractInstanceRegistry:1247 [32m        [0;39m Running the evict task with compensationTime 7ms
2021-07-29 23:37:28.616 INFO  c.netflix.eureka.registry.AbstractInstanceRegistry:1247 [32m        [0;39m Running the evict task with compensationTime 10ms
2021-07-29 23:38:28.620 INFO  c.netflix.eureka.registry.AbstractInstanceRegistry:1247 [32m        [0;39m Running the evict task with compensationTime 3ms
2021-07-29 23:39:28.626 INFO  c.netflix.eureka.registry.AbstractInstanceRegistry:1247 [32m        [0;39m Running the evict task with compensationTime 6ms
2021-07-29 23:40:28.639 INFO  c.netflix.eureka.registry.AbstractInstanceRegistry:1247 [32m        [0;39m Running the evict task with compensationTime 12ms
2021-07-29 23:41:28.639 INFO  c.netflix.eureka.registry.AbstractInstanceRegistry:1247 [32m        [0;39m Running the evict task with compensationTime 0ms
2021-07-29 23:42:28.649 INFO  c.netflix.eureka.registry.AbstractInstanceRegistry:1247 [32m        [0;39m Running the evict task with compensationTime 9ms
2021-07-29 23:43:28.651 INFO  c.netflix.eureka.registry.AbstractInstanceRegistry:1247 [32m        [0;39m Running the evict task with compensationTime 2ms
2021-07-29 23:44:28.655 INFO  c.netflix.eureka.registry.AbstractInstanceRegistry:1247 [32m        [0;39m Running the evict task with compensationTime 3ms
2021-07-29 23:45:28.664 INFO  c.netflix.eureka.registry.AbstractInstanceRegistry:1247 [32m        [0;39m Running the evict task with compensationTime 9ms
2021-07-29 23:46:28.675 INFO  c.netflix.eureka.registry.AbstractInstanceRegistry:1247 [32m        [0;39m Running the evict task with compensationTime 10ms
2021-07-29 23:47:28.689 INFO  c.netflix.eureka.registry.AbstractInstanceRegistry:1247 [32m        [0;39m Running the evict task with compensationTime 14ms
2021-07-29 23:48:28.704 INFO  c.netflix.eureka.registry.AbstractInstanceRegistry:1247 [32m        [0;39m Running the evict task with compensationTime 14ms
2021-07-29 23:49:28.719 INFO  c.netflix.eureka.registry.AbstractInstanceRegistry:1247 [32m        [0;39m Running the evict task with compensationTime 14ms
2021-07-29 23:50:25.832 INFO  c.n.eureka.registry.PeerAwareInstanceRegistryImpl :552  [32m        [0;39m Current renewal threshold is : 3
2021-07-29 23:50:28.724 INFO  c.netflix.eureka.registry.AbstractInstanceRegistry:1247 [32m        [0;39m Running the evict task with compensationTime 4ms
2021-07-29 23:51:28.733 INFO  c.netflix.eureka.registry.AbstractInstanceRegistry:1247 [32m        [0;39m Running the evict task with compensationTime 8ms
2021-07-29 23:52:28.737 INFO  c.netflix.eureka.registry.AbstractInstanceRegistry:1247 [32m        [0;39m Running the evict task with compensationTime 4ms
2021-07-29 23:53:28.744 INFO  c.netflix.eureka.registry.AbstractInstanceRegistry:1247 [32m        [0;39m Running the evict task with compensationTime 7ms
2021-07-29 23:54:28.755 INFO  c.netflix.eureka.registry.AbstractInstanceRegistry:1247 [32m        [0;39m Running the evict task with compensationTime 10ms
2021-07-29 23:55:28.762 INFO  c.netflix.eureka.registry.AbstractInstanceRegistry:1247 [32m        [0;39m Running the evict task with compensationTime 6ms
2021-07-29 23:56:28.766 INFO  c.netflix.eureka.registry.AbstractInstanceRegistry:1247 [32m        [0;39m Running the evict task with compensationTime 3ms
2021-07-29 23:57:28.766 INFO  c.netflix.eureka.registry.AbstractInstanceRegistry:1247 [32m        [0;39m Running the evict task with compensationTime 0ms
2021-07-29 23:58:28.775 INFO  c.netflix.eureka.registry.AbstractInstanceRegistry:1247 [32m        [0;39m Running the evict task with compensationTime 8ms
2021-07-29 23:59:28.787 INFO  c.netflix.eureka.registry.AbstractInstanceRegistry:1247 [32m        [0;39m Running the evict task with compensationTime 12ms
