2021-07-29 17:35:26.823 INFO  org.hibernate.validator.internal.util.Version     :21   [32m        [0;39m HV000001: Hibernate Validator 6.2.0.Final
2021-07-29 17:35:26.828 INFO  com.course.system.config.SystemApplication        :55   [32m        [0;39m Starting SystemApplication using Java 11.0.7 on DESKTOP-L9OD124 with PID 18384 (D:\javaprojects\onlinecourse\course\system\target\classes started by 79491 in D:\javaprojects\onlinecourse\course)
2021-07-29 17:35:26.829 INFO  com.course.system.config.SystemApplication        :659  [32m        [0;39m No active profile set, falling back to default profiles: default
2021-07-29 17:35:26.860 INFO  o.s.b.d.env.DevToolsPropertyDefaultsPostProcessor :255  [32m        [0;39m Devtools property defaults active! Set 'spring.devtools.add-properties' to 'false' to disable
2021-07-29 17:35:26.860 INFO  o.s.b.d.env.DevToolsPropertyDefaultsPostProcessor :255  [32m        [0;39m For additional web related logging consider setting the 'logging.level.web' property to 'DEBUG'
2021-07-29 17:35:27.403 INFO  o.springframework.cloud.context.scope.GenericScope:283  [32m        [0;39m BeanFactory id=db8c2e20-f755-38f0-b998-d1c2ad3062ad
2021-07-29 17:35:27.788 INFO  o.s.boot.web.embedded.tomcat.TomcatWebServer      :108  [32m        [0;39m Tomcat initialized with port(s): 9001 (http)
2021-07-29 17:35:27.794 INFO  org.apache.coyote.http11.Http11NioProtocol        :173  [32m        [0;39m Initializing ProtocolHandler ["http-nio-9001"]
2021-07-29 17:35:27.795 INFO  org.apache.catalina.core.StandardService          :173  [32m        [0;39m Starting service [Tomcat]
2021-07-29 17:35:27.795 INFO  org.apache.catalina.core.StandardEngine           :173  [32m        [0;39m Starting Servlet engine: [Apache Tomcat/9.0.48]
2021-07-29 17:35:27.859 INFO  o.a.c.c.C.[Tomcat].[localhost].[/system]          :173  [32m        [0;39m Initializing Spring embedded WebApplicationContext
2021-07-29 17:35:27.859 INFO  o.s.b.w.s.c.ServletWebServerApplicationContext    :290  [32m        [0;39m Root WebApplicationContext: initialization completed in 999 ms
2021-07-29 17:35:28.230 INFO  o.s.b.d.autoconfigure.OptionalLiveReloadServer    :58   [32m        [0;39m LiveReload server is running on port 35729
2021-07-29 17:35:28.371 INFO  o.s.c.n.e.c.DiscoveryClientOptionalArgsConfiguration:68   [32m        [0;39m Eureka HTTP Client uses RestTemplate.
2021-07-29 17:35:28.554 WARN  o.s.c.l.c.LoadBalancerCacheAutoConfiguration$LoadBalancerCaffeineWarnLogger:82   [32m        [0;39m Spring Cloud LoadBalancer is currently working with the default cache. You can switch to using Caffeine cache, by adding it and org.springframework.cache.caffeine.CaffeineCacheManager to the classpath.
2021-07-29 17:35:28.603 INFO  o.s.cloud.netflix.eureka.InstanceInfoFactory      :67   [32m        [0;39m Setting initial instance status as: STARTING
2021-07-29 17:35:28.631 INFO  com.netflix.discovery.DiscoveryClient             :372  [32m        [0;39m Initializing Eureka in region us-east-1
2021-07-29 17:35:28.636 INFO  c.n.d.shared.resolver.aws.ConfigClusterResolver   :43   [32m        [0;39m Resolving eureka endpoints via configuration
2021-07-29 17:35:28.648 INFO  com.netflix.discovery.DiscoveryClient             :1007 [32m        [0;39m Disable delta property : false
2021-07-29 17:35:28.648 INFO  com.netflix.discovery.DiscoveryClient             :1008 [32m        [0;39m Single vip registry refresh property : null
2021-07-29 17:35:28.648 INFO  com.netflix.discovery.DiscoveryClient             :1009 [32m        [0;39m Force full registry fetch : false
2021-07-29 17:35:28.648 INFO  com.netflix.discovery.DiscoveryClient             :1010 [32m        [0;39m Application is null : false
2021-07-29 17:35:28.648 INFO  com.netflix.discovery.DiscoveryClient             :1011 [32m        [0;39m Registered Applications size is zero : true
2021-07-29 17:35:28.648 INFO  com.netflix.discovery.DiscoveryClient             :1013 [32m        [0;39m Application version is -1: true
2021-07-29 17:35:28.649 INFO  com.netflix.discovery.DiscoveryClient             :1097 [32m        [0;39m Getting all instance registry info from the eureka server
2021-07-29 17:35:28.921 INFO  com.netflix.discovery.DiscoveryClient             :1106 [32m        [0;39m The response status is 200
2021-07-29 17:35:28.923 INFO  com.netflix.discovery.DiscoveryClient             :1321 [32m        [0;39m Starting heartbeat executor: renew interval is: 30
2021-07-29 17:35:28.924 INFO  com.netflix.discovery.InstanceInfoReplicator      :60   [32m        [0;39m InstanceInfoReplicator onDemand update allowed rate per min is 4
2021-07-29 17:35:28.928 INFO  com.netflix.discovery.DiscoveryClient             :492  [32m        [0;39m Discovery Client initialized at timestamp 1627551328927 with initial instances count: 0
2021-07-29 17:35:28.929 INFO  o.s.c.n.e.serviceregistry.EurekaServiceRegistry   :41   [32m        [0;39m Registering application SYSTEM with eureka with status UP
2021-07-29 17:35:28.929 INFO  com.netflix.discovery.DiscoveryClient             :1352 [32m        [0;39m Saw local status change event StatusChangeEvent [timestamp=1627551328929, current=UP, previous=STARTING]
2021-07-29 17:35:28.930 INFO  com.netflix.discovery.DiscoveryClient             :873  [32m        [0;39m DiscoveryClient_SYSTEM/DESKTOP-L9OD124:system:9001: registering service...
2021-07-29 17:35:28.931 INFO  org.apache.coyote.http11.Http11NioProtocol        :173  [32m        [0;39m Starting ProtocolHandler ["http-nio-9001"]
2021-07-29 17:35:28.949 INFO  o.s.boot.web.embedded.tomcat.TomcatWebServer      :220  [32m        [0;39m Tomcat started on port(s): 9001 (http) with context path '/system'
2021-07-29 17:35:28.950 INFO  o.s.c.n.e.s.EurekaAutoServiceRegistration         :144  [32m        [0;39m Updating port to 9001
2021-07-29 17:35:29.031 INFO  com.netflix.discovery.DiscoveryClient             :882  [32m        [0;39m DiscoveryClient_SYSTEM/DESKTOP-L9OD124:system:9001 - registration status: 204
2021-07-29 17:35:29.108 INFO  com.course.system.config.SystemApplication        :61   [32m        [0;39m Started SystemApplication in 2.756 seconds (JVM running for 3.433)
2021-07-29 17:35:29.111 INFO  com.course.system.config.SystemApplication        :23   [32m        [0;39m 启动成功！！
2021-07-29 17:35:29.112 INFO  com.course.system.config.SystemApplication        :24   [32m        [0;39m System地址: 	http://127.0.0.1:9001
2021-07-29 17:35:58.931 INFO  com.netflix.discovery.DiscoveryClient             :1007 [32m        [0;39m Disable delta property : false
2021-07-29 17:35:58.931 INFO  com.netflix.discovery.DiscoveryClient             :1008 [32m        [0;39m Single vip registry refresh property : null
2021-07-29 17:35:58.932 INFO  com.netflix.discovery.DiscoveryClient             :1009 [32m        [0;39m Force full registry fetch : false
2021-07-29 17:35:58.932 INFO  com.netflix.discovery.DiscoveryClient             :1010 [32m        [0;39m Application is null : false
2021-07-29 17:35:58.932 INFO  com.netflix.discovery.DiscoveryClient             :1011 [32m        [0;39m Registered Applications size is zero : true
2021-07-29 17:35:58.932 INFO  com.netflix.discovery.DiscoveryClient             :1013 [32m        [0;39m Application version is -1: false
2021-07-29 17:35:58.932 INFO  com.netflix.discovery.DiscoveryClient             :1097 [32m        [0;39m Getting all instance registry info from the eureka server
2021-07-29 17:35:58.952 INFO  com.netflix.discovery.DiscoveryClient             :1106 [32m        [0;39m The response status is 200
2021-07-29 17:40:28.656 INFO  c.n.d.shared.resolver.aws.ConfigClusterResolver   :43   [32m        [0;39m Resolving eureka endpoints via configuration
2021-07-29 17:41:51.187 INFO  o.s.c.n.e.serviceregistry.EurekaServiceRegistry   :62   [32m        [0;39m Unregistering application SYSTEM with eureka with status DOWN
2021-07-29 17:41:51.187 INFO  com.netflix.discovery.DiscoveryClient             :1352 [32m        [0;39m Saw local status change event StatusChangeEvent [timestamp=1627551711187, current=DOWN, previous=UP]
2021-07-29 17:41:51.187 INFO  com.netflix.discovery.DiscoveryClient             :873  [32m        [0;39m DiscoveryClient_SYSTEM/DESKTOP-L9OD124:system:9001: registering service...
2021-07-29 17:41:51.200 INFO  com.netflix.discovery.DiscoveryClient             :882  [32m        [0;39m DiscoveryClient_SYSTEM/DESKTOP-L9OD124:system:9001 - registration status: 204
2021-07-29 17:41:51.288 INFO  com.netflix.discovery.DiscoveryClient             :935  [32m        [0;39m Shutting down DiscoveryClient ...
2021-07-29 17:41:54.302 INFO  com.netflix.discovery.DiscoveryClient             :971  [32m        [0;39m Unregistering ...
2021-07-29 17:41:54.319 INFO  com.netflix.discovery.DiscoveryClient             :973  [32m        [0;39m DiscoveryClient_SYSTEM/DESKTOP-L9OD124:system:9001 - deregister  status: 200
2021-07-29 17:41:54.323 INFO  com.netflix.discovery.DiscoveryClient             :960  [32m        [0;39m Completed shut down of DiscoveryClient
2021-07-29 17:41:54.494 INFO  com.course.system.config.SystemApplication        :55   [32m        [0;39m Starting SystemApplication using Java 11.0.7 on DESKTOP-L9OD124 with PID 18384 (D:\javaprojects\onlinecourse\course\system\target\classes started by 79491 in D:\javaprojects\onlinecourse\course)
2021-07-29 17:41:54.495 INFO  com.course.system.config.SystemApplication        :659  [32m        [0;39m No active profile set, falling back to default profiles: default
2021-07-29 17:41:54.668 INFO  o.springframework.cloud.context.scope.GenericScope:283  [32m        [0;39m BeanFactory id=db8c2e20-f755-38f0-b998-d1c2ad3062ad
2021-07-29 17:41:54.707 INFO  o.s.boot.web.embedded.tomcat.TomcatWebServer      :108  [32m        [0;39m Tomcat initialized with port(s): 9001 (http)
2021-07-29 17:41:54.707 INFO  org.apache.coyote.http11.Http11NioProtocol        :173  [32m        [0;39m Initializing ProtocolHandler ["http-nio-9001"]
2021-07-29 17:41:54.707 INFO  org.apache.catalina.core.StandardService          :173  [32m        [0;39m Starting service [Tomcat]
2021-07-29 17:41:54.707 INFO  org.apache.catalina.core.StandardEngine           :173  [32m        [0;39m Starting Servlet engine: [Apache Tomcat/9.0.48]
2021-07-29 17:41:54.723 INFO  o.a.c.c.C.[Tomcat].[localhost].[/system]          :173  [32m        [0;39m Initializing Spring embedded WebApplicationContext
2021-07-29 17:41:54.723 INFO  o.s.b.w.s.c.ServletWebServerApplicationContext    :290  [32m        [0;39m Root WebApplicationContext: initialization completed in 226 ms
2021-07-29 17:41:54.813 INFO  o.s.b.d.autoconfigure.OptionalLiveReloadServer    :58   [32m        [0;39m LiveReload server is running on port 35729
2021-07-29 17:41:54.932 INFO  o.s.c.n.e.c.DiscoveryClientOptionalArgsConfiguration:68   [32m        [0;39m Eureka HTTP Client uses RestTemplate.
2021-07-29 17:41:55.059 WARN  o.s.c.l.c.LoadBalancerCacheAutoConfiguration$LoadBalancerCaffeineWarnLogger:82   [32m        [0;39m Spring Cloud LoadBalancer is currently working with the default cache. You can switch to using Caffeine cache, by adding it and org.springframework.cache.caffeine.CaffeineCacheManager to the classpath.
2021-07-29 17:41:55.074 INFO  o.s.cloud.netflix.eureka.InstanceInfoFactory      :67   [32m        [0;39m Setting initial instance status as: STARTING
2021-07-29 17:41:55.076 INFO  com.netflix.discovery.DiscoveryClient             :372  [32m        [0;39m Initializing Eureka in region us-east-1
2021-07-29 17:41:55.076 INFO  c.n.d.shared.resolver.aws.ConfigClusterResolver   :43   [32m        [0;39m Resolving eureka endpoints via configuration
2021-07-29 17:41:55.079 INFO  com.netflix.discovery.DiscoveryClient             :1007 [32m        [0;39m Disable delta property : false
2021-07-29 17:41:55.079 INFO  com.netflix.discovery.DiscoveryClient             :1008 [32m        [0;39m Single vip registry refresh property : null
2021-07-29 17:41:55.080 INFO  com.netflix.discovery.DiscoveryClient             :1009 [32m        [0;39m Force full registry fetch : false
2021-07-29 17:41:55.080 INFO  com.netflix.discovery.DiscoveryClient             :1010 [32m        [0;39m Application is null : false
2021-07-29 17:41:55.080 INFO  com.netflix.discovery.DiscoveryClient             :1011 [32m        [0;39m Registered Applications size is zero : true
2021-07-29 17:41:55.080 INFO  com.netflix.discovery.DiscoveryClient             :1013 [32m        [0;39m Application version is -1: true
2021-07-29 17:41:55.080 INFO  com.netflix.discovery.DiscoveryClient             :1097 [32m        [0;39m Getting all instance registry info from the eureka server
2021-07-29 17:41:55.093 INFO  com.netflix.discovery.DiscoveryClient             :1106 [32m        [0;39m The response status is 200
2021-07-29 17:41:55.094 INFO  com.netflix.discovery.DiscoveryClient             :1321 [32m        [0;39m Starting heartbeat executor: renew interval is: 30
2021-07-29 17:41:55.094 INFO  com.netflix.discovery.InstanceInfoReplicator      :60   [32m        [0;39m InstanceInfoReplicator onDemand update allowed rate per min is 4
2021-07-29 17:41:55.095 INFO  com.netflix.discovery.DiscoveryClient             :492  [32m        [0;39m Discovery Client initialized at timestamp 1627551715095 with initial instances count: 2
2021-07-29 17:41:55.096 INFO  o.s.c.n.e.serviceregistry.EurekaServiceRegistry   :41   [32m        [0;39m Registering application SYSTEM with eureka with status UP
2021-07-29 17:41:55.096 INFO  com.netflix.discovery.DiscoveryClient             :1352 [32m        [0;39m Saw local status change event StatusChangeEvent [timestamp=1627551715096, current=UP, previous=STARTING]
2021-07-29 17:41:55.096 INFO  com.netflix.discovery.DiscoveryClient             :873  [32m        [0;39m DiscoveryClient_SYSTEM/DESKTOP-L9OD124:system:9001: registering service...
2021-07-29 17:41:55.097 INFO  org.apache.coyote.http11.Http11NioProtocol        :173  [32m        [0;39m Starting ProtocolHandler ["http-nio-9001"]
2021-07-29 17:41:55.099 INFO  o.s.boot.web.embedded.tomcat.TomcatWebServer      :220  [32m        [0;39m Tomcat started on port(s): 9001 (http) with context path '/system'
2021-07-29 17:41:55.099 INFO  o.s.c.n.e.s.EurekaAutoServiceRegistration         :144  [32m        [0;39m Updating port to 9001
2021-07-29 17:41:55.104 INFO  com.netflix.discovery.DiscoveryClient             :882  [32m        [0;39m DiscoveryClient_SYSTEM/DESKTOP-L9OD124:system:9001 - registration status: 204
2021-07-29 17:41:55.207 INFO  com.course.system.config.SystemApplication        :61   [32m        [0;39m Started SystemApplication in 0.848 seconds (JVM running for 389.532)
2021-07-29 17:41:55.209 INFO  o.s.b.d.a.ConditionEvaluationDeltaLoggingListener :63   [32m        [0;39m Condition evaluation unchanged
2021-07-29 17:41:55.209 INFO  com.course.system.config.SystemApplication        :23   [32m        [0;39m 启动成功！！
2021-07-29 17:41:55.209 INFO  com.course.system.config.SystemApplication        :24   [32m        [0;39m System地址: 	http://127.0.0.1:9001
2021-07-29 17:42:52.794 INFO  o.s.c.n.e.serviceregistry.EurekaServiceRegistry   :62   [32m        [0;39m Unregistering application SYSTEM with eureka with status DOWN
2021-07-29 17:42:52.794 INFO  com.netflix.discovery.DiscoveryClient             :1352 [32m        [0;39m Saw local status change event StatusChangeEvent [timestamp=1627551772794, current=DOWN, previous=UP]
2021-07-29 17:42:52.794 INFO  com.netflix.discovery.DiscoveryClient             :873  [32m        [0;39m DiscoveryClient_SYSTEM/DESKTOP-L9OD124:system:9001: registering service...
2021-07-29 17:42:52.810 INFO  com.netflix.discovery.DiscoveryClient             :882  [32m        [0;39m DiscoveryClient_SYSTEM/DESKTOP-L9OD124:system:9001 - registration status: 204
2021-07-29 17:42:52.884 INFO  com.netflix.discovery.DiscoveryClient             :935  [32m        [0;39m Shutting down DiscoveryClient ...
2021-07-29 17:42:55.887 WARN  com.netflix.discovery.TimedSupervisorTask         :90   [32m        [0;39m task supervisor shutting down, can't accept the task
2021-07-29 17:42:55.888 INFO  com.netflix.discovery.DiscoveryClient             :971  [32m        [0;39m Unregistering ...
2021-07-29 17:42:55.891 INFO  com.netflix.discovery.DiscoveryClient             :973  [32m        [0;39m DiscoveryClient_SYSTEM/DESKTOP-L9OD124:system:9001 - deregister  status: 200
2021-07-29 17:42:55.894 INFO  com.netflix.discovery.DiscoveryClient             :960  [32m        [0;39m Completed shut down of DiscoveryClient
2021-07-29 17:42:56.066 INFO  com.course.system.config.SystemApplication        :55   [32m        [0;39m Starting SystemApplication using Java 11.0.7 on DESKTOP-L9OD124 with PID 18384 (D:\javaprojects\onlinecourse\course\system\target\classes started by 79491 in D:\javaprojects\onlinecourse\course)
2021-07-29 17:42:56.066 INFO  com.course.system.config.SystemApplication        :659  [32m        [0;39m No active profile set, falling back to default profiles: default
2021-07-29 17:42:56.249 INFO  o.springframework.cloud.context.scope.GenericScope:283  [32m        [0;39m BeanFactory id=d0e6a26f-8238-35e5-bb45-1b010b1db168
2021-07-29 17:42:56.289 INFO  o.s.boot.web.embedded.tomcat.TomcatWebServer      :108  [32m        [0;39m Tomcat initialized with port(s): 9001 (http)
2021-07-29 17:42:56.290 INFO  org.apache.coyote.http11.Http11NioProtocol        :173  [32m        [0;39m Initializing ProtocolHandler ["http-nio-9001"]
2021-07-29 17:42:56.290 INFO  org.apache.catalina.core.StandardService          :173  [32m        [0;39m Starting service [Tomcat]
2021-07-29 17:42:56.290 INFO  org.apache.catalina.core.StandardEngine           :173  [32m        [0;39m Starting Servlet engine: [Apache Tomcat/9.0.48]
2021-07-29 17:42:56.304 INFO  o.a.c.c.C.[Tomcat].[localhost].[/system]          :173  [32m        [0;39m Initializing Spring embedded WebApplicationContext
2021-07-29 17:42:56.304 INFO  o.s.b.w.s.c.ServletWebServerApplicationContext    :290  [32m        [0;39m Root WebApplicationContext: initialization completed in 236 ms
2021-07-29 17:42:56.313 WARN  o.s.b.w.s.c.AnnotationConfigServletWebServerApplicationContext:591  [32m        [0;39m Exception encountered during context initialization - cancelling refresh attempt: org.springframework.beans.factory.BeanCreationException: Error creating bean with name 'testController' defined in file [D:\javaprojects\onlinecourse\course\system\target\classes\com\course\system\controller\TestController.class]: Post-processing of merged bean definition failed; nested exception is java.lang.IllegalStateException: Failed to introspect Class [com.course.system.controller.TestController] from ClassLoader [org.springframework.boot.devtools.restart.classloader.RestartClassLoader@712bfc7c]
2021-07-29 17:42:56.313 INFO  org.apache.catalina.core.StandardService          :173  [32m        [0;39m Stopping service [Tomcat]
2021-07-29 17:42:56.317 INFO  o.s.b.a.l.ConditionEvaluationReportLoggingListener:136  [32m        [0;39m 

Error starting ApplicationContext. To display the conditions report re-run your application with 'debug' enabled.
2021-07-29 17:42:56.332 ERROR org.springframework.boot.SpringApplication        :843  [32m        [0;39m Application run failed
org.springframework.beans.factory.BeanCreationException: Error creating bean with name 'testController' defined in file [D:\javaprojects\onlinecourse\course\system\target\classes\com\course\system\controller\TestController.class]: Post-processing of merged bean definition failed; nested exception is java.lang.IllegalStateException: Failed to introspect Class [com.course.system.controller.TestController] from ClassLoader [org.springframework.boot.devtools.restart.classloader.RestartClassLoader@712bfc7c]
	at org.springframework.beans.factory.support.AbstractAutowireCapableBeanFactory.doCreateBean(AbstractAutowireCapableBeanFactory.java:579)
	at org.springframework.beans.factory.support.AbstractAutowireCapableBeanFactory.createBean(AbstractAutowireCapableBeanFactory.java:524)
	at org.springframework.beans.factory.support.AbstractBeanFactory.lambda$doGetBean$0(AbstractBeanFactory.java:335)
	at org.springframework.beans.factory.support.DefaultSingletonBeanRegistry.getSingleton(DefaultSingletonBeanRegistry.java:234)
	at org.springframework.beans.factory.support.AbstractBeanFactory.doGetBean(AbstractBeanFactory.java:333)
	at org.springframework.beans.factory.support.AbstractBeanFactory.getBean(AbstractBeanFactory.java:208)
	at org.springframework.beans.factory.support.DefaultListableBeanFactory.preInstantiateSingletons(DefaultListableBeanFactory.java:944)
	at org.springframework.context.support.AbstractApplicationContext.finishBeanFactoryInitialization(AbstractApplicationContext.java:918)
	at org.springframework.context.support.AbstractApplicationContext.refresh(AbstractApplicationContext.java:583)
	at org.springframework.boot.web.servlet.context.ServletWebServerApplicationContext.refresh(ServletWebServerApplicationContext.java:145)
	at org.springframework.boot.SpringApplication.refresh(SpringApplication.java:754)
	at org.springframework.boot.SpringApplication.refreshContext(SpringApplication.java:434)
	at org.springframework.boot.SpringApplication.run(SpringApplication.java:338)
	at com.course.system.config.SystemApplication.main(SystemApplication.java:22)
	at java.base/jdk.internal.reflect.NativeMethodAccessorImpl.invoke0(Native Method)
	at java.base/jdk.internal.reflect.NativeMethodAccessorImpl.invoke(NativeMethodAccessorImpl.java:62)
	at java.base/jdk.internal.reflect.DelegatingMethodAccessorImpl.invoke(DelegatingMethodAccessorImpl.java:43)
	at java.base/java.lang.reflect.Method.invoke(Method.java:566)
	at org.springframework.boot.devtools.restart.RestartLauncher.run(RestartLauncher.java:49)
Caused by: java.lang.IllegalStateException: Failed to introspect Class [com.course.system.controller.TestController] from ClassLoader [org.springframework.boot.devtools.restart.classloader.RestartClassLoader@712bfc7c]
	at org.springframework.util.ReflectionUtils.getDeclaredFields(ReflectionUtils.java:739)
	at org.springframework.util.ReflectionUtils.doWithLocalFields(ReflectionUtils.java:671)
	at org.springframework.context.annotation.CommonAnnotationBeanPostProcessor.buildResourceMetadata(CommonAnnotationBeanPostProcessor.java:366)
	at org.springframework.context.annotation.CommonAnnotationBeanPostProcessor.findResourceMetadata(CommonAnnotationBeanPostProcessor.java:347)
	at org.springframework.context.annotation.CommonAnnotationBeanPostProcessor.postProcessMergedBeanDefinition(CommonAnnotationBeanPostProcessor.java:295)
	at org.springframework.beans.factory.support.AbstractAutowireCapableBeanFactory.applyMergedBeanDefinitionPostProcessors(AbstractAutowireCapableBeanFactory.java:1098)
	at org.springframework.beans.factory.support.AbstractAutowireCapableBeanFactory.doCreateBean(AbstractAutowireCapableBeanFactory.java:576)
	... 18 common frames omitted
Caused by: java.lang.NoClassDefFoundError: Lcom/course/server/service/TestService;
	at java.base/java.lang.Class.getDeclaredFields0(Native Method)
	at java.base/java.lang.Class.privateGetDeclaredFields(Class.java:3061)
	at java.base/java.lang.Class.getDeclaredFields(Class.java:2248)
	at org.springframework.util.ReflectionUtils.getDeclaredFields(ReflectionUtils.java:734)
	... 24 common frames omitted
Caused by: java.lang.ClassNotFoundException: com.course.server.service.TestService
	at java.base/jdk.internal.loader.BuiltinClassLoader.loadClass(BuiltinClassLoader.java:581)
	at java.base/jdk.internal.loader.ClassLoaders$AppClassLoader.loadClass(ClassLoaders.java:178)
	at java.base/java.lang.ClassLoader.loadClass(ClassLoader.java:521)
	at java.base/java.lang.Class.forName0(Native Method)
	at java.base/java.lang.Class.forName(Class.java:398)
	at org.springframework.boot.devtools.restart.classloader.RestartClassLoader.loadClass(RestartClassLoader.java:145)
	at java.base/java.lang.ClassLoader.loadClass(ClassLoader.java:521)
	... 28 common frames omitted
2021-07-29 17:43:22.245 INFO  com.course.system.config.SystemApplication        :55   [32m        [0;39m Starting SystemApplication using Java 11.0.7 on DESKTOP-L9OD124 with PID 18384 (D:\javaprojects\onlinecourse\course\system\target\classes started by 79491 in D:\javaprojects\onlinecourse\course)
2021-07-29 17:43:22.245 INFO  com.course.system.config.SystemApplication        :659  [32m        [0;39m No active profile set, falling back to default profiles: default
2021-07-29 17:43:22.415 INFO  o.springframework.cloud.context.scope.GenericScope:283  [32m        [0;39m BeanFactory id=d0e6a26f-8238-35e5-bb45-1b010b1db168
2021-07-29 17:43:22.457 INFO  o.s.boot.web.embedded.tomcat.TomcatWebServer      :108  [32m        [0;39m Tomcat initialized with port(s): 9001 (http)
2021-07-29 17:43:22.458 INFO  org.apache.coyote.http11.Http11NioProtocol        :173  [32m        [0;39m Initializing ProtocolHandler ["http-nio-9001"]
2021-07-29 17:43:22.458 INFO  org.apache.catalina.core.StandardService          :173  [32m        [0;39m Starting service [Tomcat]
2021-07-29 17:43:22.458 INFO  org.apache.catalina.core.StandardEngine           :173  [32m        [0;39m Starting Servlet engine: [Apache Tomcat/9.0.48]
2021-07-29 17:43:22.473 INFO  o.a.c.c.C.[Tomcat-1].[localhost].[/system]        :173  [32m        [0;39m Initializing Spring embedded WebApplicationContext
2021-07-29 17:43:22.473 INFO  o.s.b.w.s.c.ServletWebServerApplicationContext    :290  [32m        [0;39m Root WebApplicationContext: initialization completed in 226 ms
2021-07-29 17:43:22.479 WARN  o.s.b.w.s.c.AnnotationConfigServletWebServerApplicationContext:591  [32m        [0;39m Exception encountered during context initialization - cancelling refresh attempt: org.springframework.beans.factory.BeanCreationException: Error creating bean with name 'testController' defined in file [D:\javaprojects\onlinecourse\course\system\target\classes\com\course\system\controller\TestController.class]: Post-processing of merged bean definition failed; nested exception is java.lang.IllegalStateException: Failed to introspect Class [com.course.system.controller.TestController] from ClassLoader [org.springframework.boot.devtools.restart.classloader.RestartClassLoader@11040333]
2021-07-29 17:43:22.479 INFO  org.apache.catalina.core.StandardService          :173  [32m        [0;39m Stopping service [Tomcat]
2021-07-29 17:43:22.484 INFO  o.s.b.a.l.ConditionEvaluationReportLoggingListener:136  [32m        [0;39m 

Error starting ApplicationContext. To display the conditions report re-run your application with 'debug' enabled.
2021-07-29 17:43:22.486 ERROR org.springframework.boot.SpringApplication        :843  [32m        [0;39m Application run failed
org.springframework.beans.factory.BeanCreationException: Error creating bean with name 'testController' defined in file [D:\javaprojects\onlinecourse\course\system\target\classes\com\course\system\controller\TestController.class]: Post-processing of merged bean definition failed; nested exception is java.lang.IllegalStateException: Failed to introspect Class [com.course.system.controller.TestController] from ClassLoader [org.springframework.boot.devtools.restart.classloader.RestartClassLoader@11040333]
	at org.springframework.beans.factory.support.AbstractAutowireCapableBeanFactory.doCreateBean(AbstractAutowireCapableBeanFactory.java:579)
	at org.springframework.beans.factory.support.AbstractAutowireCapableBeanFactory.createBean(AbstractAutowireCapableBeanFactory.java:524)
	at org.springframework.beans.factory.support.AbstractBeanFactory.lambda$doGetBean$0(AbstractBeanFactory.java:335)
	at org.springframework.beans.factory.support.DefaultSingletonBeanRegistry.getSingleton(DefaultSingletonBeanRegistry.java:234)
	at org.springframework.beans.factory.support.AbstractBeanFactory.doGetBean(AbstractBeanFactory.java:333)
	at org.springframework.beans.factory.support.AbstractBeanFactory.getBean(AbstractBeanFactory.java:208)
	at org.springframework.beans.factory.support.DefaultListableBeanFactory.preInstantiateSingletons(DefaultListableBeanFactory.java:944)
	at org.springframework.context.support.AbstractApplicationContext.finishBeanFactoryInitialization(AbstractApplicationContext.java:918)
	at org.springframework.context.support.AbstractApplicationContext.refresh(AbstractApplicationContext.java:583)
	at org.springframework.boot.web.servlet.context.ServletWebServerApplicationContext.refresh(ServletWebServerApplicationContext.java:145)
	at org.springframework.boot.SpringApplication.refresh(SpringApplication.java:754)
	at org.springframework.boot.SpringApplication.refreshContext(SpringApplication.java:434)
	at org.springframework.boot.SpringApplication.run(SpringApplication.java:338)
	at com.course.system.config.SystemApplication.main(SystemApplication.java:22)
	at java.base/jdk.internal.reflect.NativeMethodAccessorImpl.invoke0(Native Method)
	at java.base/jdk.internal.reflect.NativeMethodAccessorImpl.invoke(NativeMethodAccessorImpl.java:62)
	at java.base/jdk.internal.reflect.DelegatingMethodAccessorImpl.invoke(DelegatingMethodAccessorImpl.java:43)
	at java.base/java.lang.reflect.Method.invoke(Method.java:566)
	at org.springframework.boot.devtools.restart.RestartLauncher.run(RestartLauncher.java:49)
Caused by: java.lang.IllegalStateException: Failed to introspect Class [com.course.system.controller.TestController] from ClassLoader [org.springframework.boot.devtools.restart.classloader.RestartClassLoader@11040333]
	at org.springframework.util.ReflectionUtils.getDeclaredFields(ReflectionUtils.java:739)
	at org.springframework.util.ReflectionUtils.doWithLocalFields(ReflectionUtils.java:671)
	at org.springframework.context.annotation.CommonAnnotationBeanPostProcessor.buildResourceMetadata(CommonAnnotationBeanPostProcessor.java:366)
	at org.springframework.context.annotation.CommonAnnotationBeanPostProcessor.findResourceMetadata(CommonAnnotationBeanPostProcessor.java:347)
	at org.springframework.context.annotation.CommonAnnotationBeanPostProcessor.postProcessMergedBeanDefinition(CommonAnnotationBeanPostProcessor.java:295)
	at org.springframework.beans.factory.support.AbstractAutowireCapableBeanFactory.applyMergedBeanDefinitionPostProcessors(AbstractAutowireCapableBeanFactory.java:1098)
	at org.springframework.beans.factory.support.AbstractAutowireCapableBeanFactory.doCreateBean(AbstractAutowireCapableBeanFactory.java:576)
	... 18 common frames omitted
Caused by: java.lang.NoClassDefFoundError: Lcom/course/server/service/TestService;
	at java.base/java.lang.Class.getDeclaredFields0(Native Method)
	at java.base/java.lang.Class.privateGetDeclaredFields(Class.java:3061)
	at java.base/java.lang.Class.getDeclaredFields(Class.java:2248)
	at org.springframework.util.ReflectionUtils.getDeclaredFields(ReflectionUtils.java:734)
	... 24 common frames omitted
Caused by: java.lang.ClassNotFoundException: com.course.server.service.TestService
	at java.base/jdk.internal.loader.BuiltinClassLoader.loadClass(BuiltinClassLoader.java:581)
	at java.base/jdk.internal.loader.ClassLoaders$AppClassLoader.loadClass(ClassLoaders.java:178)
	at java.base/java.lang.ClassLoader.loadClass(ClassLoader.java:521)
	at java.base/java.lang.Class.forName0(Native Method)
	at java.base/java.lang.Class.forName(Class.java:398)
	at org.springframework.boot.devtools.restart.classloader.RestartClassLoader.loadClass(RestartClassLoader.java:145)
	at java.base/java.lang.ClassLoader.loadClass(ClassLoader.java:521)
	... 28 common frames omitted
2021-07-29 17:43:24.050 INFO  com.course.system.config.SystemApplication        :55   [32m        [0;39m Starting SystemApplication using Java 11.0.7 on DESKTOP-L9OD124 with PID 18384 (D:\javaprojects\onlinecourse\course\system\target\classes started by 79491 in D:\javaprojects\onlinecourse\course)
2021-07-29 17:43:24.050 INFO  com.course.system.config.SystemApplication        :659  [32m        [0;39m No active profile set, falling back to default profiles: default
2021-07-29 17:43:24.196 INFO  o.springframework.cloud.context.scope.GenericScope:283  [32m        [0;39m BeanFactory id=d0e6a26f-8238-35e5-bb45-1b010b1db168
2021-07-29 17:43:24.236 INFO  o.s.boot.web.embedded.tomcat.TomcatWebServer      :108  [32m        [0;39m Tomcat initialized with port(s): 9001 (http)
2021-07-29 17:43:24.236 INFO  org.apache.coyote.http11.Http11NioProtocol        :173  [32m        [0;39m Initializing ProtocolHandler ["http-nio-9001"]
2021-07-29 17:43:24.236 INFO  org.apache.catalina.core.StandardService          :173  [32m        [0;39m Starting service [Tomcat]
2021-07-29 17:43:24.237 INFO  org.apache.catalina.core.StandardEngine           :173  [32m        [0;39m Starting Servlet engine: [Apache Tomcat/9.0.48]
2021-07-29 17:43:24.251 INFO  o.a.c.c.C.[Tomcat-2].[localhost].[/system]        :173  [32m        [0;39m Initializing Spring embedded WebApplicationContext
2021-07-29 17:43:24.251 INFO  o.s.b.w.s.c.ServletWebServerApplicationContext    :290  [32m        [0;39m Root WebApplicationContext: initialization completed in 199 ms
2021-07-29 17:43:24.257 WARN  o.s.b.w.s.c.AnnotationConfigServletWebServerApplicationContext:591  [32m        [0;39m Exception encountered during context initialization - cancelling refresh attempt: org.springframework.beans.factory.BeanCreationException: Error creating bean with name 'testController' defined in file [D:\javaprojects\onlinecourse\course\system\target\classes\com\course\system\controller\TestController.class]: Post-processing of merged bean definition failed; nested exception is java.lang.IllegalStateException: Failed to introspect Class [com.course.system.controller.TestController] from ClassLoader [org.springframework.boot.devtools.restart.classloader.RestartClassLoader@4bb3cf63]
2021-07-29 17:43:24.257 INFO  org.apache.catalina.core.StandardService          :173  [32m        [0;39m Stopping service [Tomcat]
2021-07-29 17:43:24.261 INFO  o.s.b.a.l.ConditionEvaluationReportLoggingListener:136  [32m        [0;39m 

Error starting ApplicationContext. To display the conditions report re-run your application with 'debug' enabled.
2021-07-29 17:43:24.262 ERROR org.springframework.boot.SpringApplication        :843  [32m        [0;39m Application run failed
org.springframework.beans.factory.BeanCreationException: Error creating bean with name 'testController' defined in file [D:\javaprojects\onlinecourse\course\system\target\classes\com\course\system\controller\TestController.class]: Post-processing of merged bean definition failed; nested exception is java.lang.IllegalStateException: Failed to introspect Class [com.course.system.controller.TestController] from ClassLoader [org.springframework.boot.devtools.restart.classloader.RestartClassLoader@4bb3cf63]
	at org.springframework.beans.factory.support.AbstractAutowireCapableBeanFactory.doCreateBean(AbstractAutowireCapableBeanFactory.java:579)
	at org.springframework.beans.factory.support.AbstractAutowireCapableBeanFactory.createBean(AbstractAutowireCapableBeanFactory.java:524)
	at org.springframework.beans.factory.support.AbstractBeanFactory.lambda$doGetBean$0(AbstractBeanFactory.java:335)
	at org.springframework.beans.factory.support.DefaultSingletonBeanRegistry.getSingleton(DefaultSingletonBeanRegistry.java:234)
	at org.springframework.beans.factory.support.AbstractBeanFactory.doGetBean(AbstractBeanFactory.java:333)
	at org.springframework.beans.factory.support.AbstractBeanFactory.getBean(AbstractBeanFactory.java:208)
	at org.springframework.beans.factory.support.DefaultListableBeanFactory.preInstantiateSingletons(DefaultListableBeanFactory.java:944)
	at org.springframework.context.support.AbstractApplicationContext.finishBeanFactoryInitialization(AbstractApplicationContext.java:918)
	at org.springframework.context.support.AbstractApplicationContext.refresh(AbstractApplicationContext.java:583)
	at org.springframework.boot.web.servlet.context.ServletWebServerApplicationContext.refresh(ServletWebServerApplicationContext.java:145)
	at org.springframework.boot.SpringApplication.refresh(SpringApplication.java:754)
	at org.springframework.boot.SpringApplication.refreshContext(SpringApplication.java:434)
	at org.springframework.boot.SpringApplication.run(SpringApplication.java:338)
	at com.course.system.config.SystemApplication.main(SystemApplication.java:22)
	at java.base/jdk.internal.reflect.NativeMethodAccessorImpl.invoke0(Native Method)
	at java.base/jdk.internal.reflect.NativeMethodAccessorImpl.invoke(NativeMethodAccessorImpl.java:62)
	at java.base/jdk.internal.reflect.DelegatingMethodAccessorImpl.invoke(DelegatingMethodAccessorImpl.java:43)
	at java.base/java.lang.reflect.Method.invoke(Method.java:566)
	at org.springframework.boot.devtools.restart.RestartLauncher.run(RestartLauncher.java:49)
Caused by: java.lang.IllegalStateException: Failed to introspect Class [com.course.system.controller.TestController] from ClassLoader [org.springframework.boot.devtools.restart.classloader.RestartClassLoader@4bb3cf63]
	at org.springframework.util.ReflectionUtils.getDeclaredFields(ReflectionUtils.java:739)
	at org.springframework.util.ReflectionUtils.doWithLocalFields(ReflectionUtils.java:671)
	at org.springframework.context.annotation.CommonAnnotationBeanPostProcessor.buildResourceMetadata(CommonAnnotationBeanPostProcessor.java:366)
	at org.springframework.context.annotation.CommonAnnotationBeanPostProcessor.findResourceMetadata(CommonAnnotationBeanPostProcessor.java:347)
	at org.springframework.context.annotation.CommonAnnotationBeanPostProcessor.postProcessMergedBeanDefinition(CommonAnnotationBeanPostProcessor.java:295)
	at org.springframework.beans.factory.support.AbstractAutowireCapableBeanFactory.applyMergedBeanDefinitionPostProcessors(AbstractAutowireCapableBeanFactory.java:1098)
	at org.springframework.beans.factory.support.AbstractAutowireCapableBeanFactory.doCreateBean(AbstractAutowireCapableBeanFactory.java:576)
	... 18 common frames omitted
Caused by: java.lang.NoClassDefFoundError: Lcom/course/server/service/TestService;
	at java.base/java.lang.Class.getDeclaredFields0(Native Method)
	at java.base/java.lang.Class.privateGetDeclaredFields(Class.java:3061)
	at java.base/java.lang.Class.getDeclaredFields(Class.java:2248)
	at org.springframework.util.ReflectionUtils.getDeclaredFields(ReflectionUtils.java:734)
	... 24 common frames omitted
Caused by: java.lang.ClassNotFoundException: com.course.server.service.TestService
	at java.base/jdk.internal.loader.BuiltinClassLoader.loadClass(BuiltinClassLoader.java:581)
	at java.base/jdk.internal.loader.ClassLoaders$AppClassLoader.loadClass(ClassLoaders.java:178)
	at java.base/java.lang.ClassLoader.loadClass(ClassLoader.java:521)
	at java.base/java.lang.Class.forName0(Native Method)
	at java.base/java.lang.Class.forName(Class.java:398)
	at org.springframework.boot.devtools.restart.classloader.RestartClassLoader.loadClass(RestartClassLoader.java:145)
	at java.base/java.lang.ClassLoader.loadClass(ClassLoader.java:521)
	... 28 common frames omitted
2021-07-29 17:43:37.045 INFO  com.course.system.config.SystemApplication        :55   [32m        [0;39m Starting SystemApplication using Java 11.0.7 on DESKTOP-L9OD124 with PID 18384 (D:\javaprojects\onlinecourse\course\system\target\classes started by 79491 in D:\javaprojects\onlinecourse\course)
2021-07-29 17:43:37.045 INFO  com.course.system.config.SystemApplication        :659  [32m        [0;39m No active profile set, falling back to default profiles: default
2021-07-29 17:43:37.207 INFO  o.springframework.cloud.context.scope.GenericScope:283  [32m        [0;39m BeanFactory id=d0e6a26f-8238-35e5-bb45-1b010b1db168
2021-07-29 17:43:37.246 INFO  o.s.boot.web.embedded.tomcat.TomcatWebServer      :108  [32m        [0;39m Tomcat initialized with port(s): 9001 (http)
2021-07-29 17:43:37.247 INFO  org.apache.coyote.http11.Http11NioProtocol        :173  [32m        [0;39m Initializing ProtocolHandler ["http-nio-9001"]
2021-07-29 17:43:37.247 INFO  org.apache.catalina.core.StandardService          :173  [32m        [0;39m Starting service [Tomcat]
2021-07-29 17:43:37.247 INFO  org.apache.catalina.core.StandardEngine           :173  [32m        [0;39m Starting Servlet engine: [Apache Tomcat/9.0.48]
2021-07-29 17:43:37.261 INFO  o.a.c.c.C.[Tomcat-3].[localhost].[/system]        :173  [32m        [0;39m Initializing Spring embedded WebApplicationContext
2021-07-29 17:43:37.261 INFO  o.s.b.w.s.c.ServletWebServerApplicationContext    :290  [32m        [0;39m Root WebApplicationContext: initialization completed in 214 ms
2021-07-29 17:43:37.267 WARN  o.s.b.w.s.c.AnnotationConfigServletWebServerApplicationContext:591  [32m        [0;39m Exception encountered during context initialization - cancelling refresh attempt: org.springframework.beans.factory.BeanCreationException: Error creating bean with name 'testController' defined in file [D:\javaprojects\onlinecourse\course\system\target\classes\com\course\system\controller\TestController.class]: Post-processing of merged bean definition failed; nested exception is java.lang.IllegalStateException: Failed to introspect Class [com.course.system.controller.TestController] from ClassLoader [org.springframework.boot.devtools.restart.classloader.RestartClassLoader@da83210]
2021-07-29 17:43:37.267 INFO  org.apache.catalina.core.StandardService          :173  [32m        [0;39m Stopping service [Tomcat]
2021-07-29 17:43:37.271 INFO  o.s.b.a.l.ConditionEvaluationReportLoggingListener:136  [32m        [0;39m 

Error starting ApplicationContext. To display the conditions report re-run your application with 'debug' enabled.
2021-07-29 17:43:37.273 ERROR org.springframework.boot.SpringApplication        :843  [32m        [0;39m Application run failed
org.springframework.beans.factory.BeanCreationException: Error creating bean with name 'testController' defined in file [D:\javaprojects\onlinecourse\course\system\target\classes\com\course\system\controller\TestController.class]: Post-processing of merged bean definition failed; nested exception is java.lang.IllegalStateException: Failed to introspect Class [com.course.system.controller.TestController] from ClassLoader [org.springframework.boot.devtools.restart.classloader.RestartClassLoader@da83210]
	at org.springframework.beans.factory.support.AbstractAutowireCapableBeanFactory.doCreateBean(AbstractAutowireCapableBeanFactory.java:579)
	at org.springframework.beans.factory.support.AbstractAutowireCapableBeanFactory.createBean(AbstractAutowireCapableBeanFactory.java:524)
	at org.springframework.beans.factory.support.AbstractBeanFactory.lambda$doGetBean$0(AbstractBeanFactory.java:335)
	at org.springframework.beans.factory.support.DefaultSingletonBeanRegistry.getSingleton(DefaultSingletonBeanRegistry.java:234)
	at org.springframework.beans.factory.support.AbstractBeanFactory.doGetBean(AbstractBeanFactory.java:333)
	at org.springframework.beans.factory.support.AbstractBeanFactory.getBean(AbstractBeanFactory.java:208)
	at org.springframework.beans.factory.support.DefaultListableBeanFactory.preInstantiateSingletons(DefaultListableBeanFactory.java:944)
	at org.springframework.context.support.AbstractApplicationContext.finishBeanFactoryInitialization(AbstractApplicationContext.java:918)
	at org.springframework.context.support.AbstractApplicationContext.refresh(AbstractApplicationContext.java:583)
	at org.springframework.boot.web.servlet.context.ServletWebServerApplicationContext.refresh(ServletWebServerApplicationContext.java:145)
	at org.springframework.boot.SpringApplication.refresh(SpringApplication.java:754)
	at org.springframework.boot.SpringApplication.refreshContext(SpringApplication.java:434)
	at org.springframework.boot.SpringApplication.run(SpringApplication.java:338)
	at com.course.system.config.SystemApplication.main(SystemApplication.java:22)
	at java.base/jdk.internal.reflect.NativeMethodAccessorImpl.invoke0(Native Method)
	at java.base/jdk.internal.reflect.NativeMethodAccessorImpl.invoke(NativeMethodAccessorImpl.java:62)
	at java.base/jdk.internal.reflect.DelegatingMethodAccessorImpl.invoke(DelegatingMethodAccessorImpl.java:43)
	at java.base/java.lang.reflect.Method.invoke(Method.java:566)
	at org.springframework.boot.devtools.restart.RestartLauncher.run(RestartLauncher.java:49)
Caused by: java.lang.IllegalStateException: Failed to introspect Class [com.course.system.controller.TestController] from ClassLoader [org.springframework.boot.devtools.restart.classloader.RestartClassLoader@da83210]
	at org.springframework.util.ReflectionUtils.getDeclaredFields(ReflectionUtils.java:739)
	at org.springframework.util.ReflectionUtils.doWithLocalFields(ReflectionUtils.java:671)
	at org.springframework.context.annotation.CommonAnnotationBeanPostProcessor.buildResourceMetadata(CommonAnnotationBeanPostProcessor.java:366)
	at org.springframework.context.annotation.CommonAnnotationBeanPostProcessor.findResourceMetadata(CommonAnnotationBeanPostProcessor.java:347)
	at org.springframework.context.annotation.CommonAnnotationBeanPostProcessor.postProcessMergedBeanDefinition(CommonAnnotationBeanPostProcessor.java:295)
	at org.springframework.beans.factory.support.AbstractAutowireCapableBeanFactory.applyMergedBeanDefinitionPostProcessors(AbstractAutowireCapableBeanFactory.java:1098)
	at org.springframework.beans.factory.support.AbstractAutowireCapableBeanFactory.doCreateBean(AbstractAutowireCapableBeanFactory.java:576)
	... 18 common frames omitted
Caused by: java.lang.NoClassDefFoundError: Lcom/course/server/service/TestService;
	at java.base/java.lang.Class.getDeclaredFields0(Native Method)
	at java.base/java.lang.Class.privateGetDeclaredFields(Class.java:3061)
	at java.base/java.lang.Class.getDeclaredFields(Class.java:2248)
	at org.springframework.util.ReflectionUtils.getDeclaredFields(ReflectionUtils.java:734)
	... 24 common frames omitted
Caused by: java.lang.ClassNotFoundException: com.course.server.service.TestService
	at java.base/jdk.internal.loader.BuiltinClassLoader.loadClass(BuiltinClassLoader.java:581)
	at java.base/jdk.internal.loader.ClassLoaders$AppClassLoader.loadClass(ClassLoaders.java:178)
	at java.base/java.lang.ClassLoader.loadClass(ClassLoader.java:521)
	at java.base/java.lang.Class.forName0(Native Method)
	at java.base/java.lang.Class.forName(Class.java:398)
	at org.springframework.boot.devtools.restart.classloader.RestartClassLoader.loadClass(RestartClassLoader.java:145)
	at java.base/java.lang.ClassLoader.loadClass(ClassLoader.java:521)
	... 28 common frames omitted
2021-07-29 17:43:53.841 INFO  com.course.system.config.SystemApplication        :55   [32m        [0;39m Starting SystemApplication using Java 11.0.7 on DESKTOP-L9OD124 with PID 18384 (D:\javaprojects\onlinecourse\course\system\target\classes started by 79491 in D:\javaprojects\onlinecourse\course)
2021-07-29 17:43:53.841 INFO  com.course.system.config.SystemApplication        :659  [32m        [0;39m No active profile set, falling back to default profiles: default
2021-07-29 17:43:53.995 INFO  o.springframework.cloud.context.scope.GenericScope:283  [32m        [0;39m BeanFactory id=d0e6a26f-8238-35e5-bb45-1b010b1db168
2021-07-29 17:43:54.037 INFO  o.s.boot.web.embedded.tomcat.TomcatWebServer      :108  [32m        [0;39m Tomcat initialized with port(s): 9001 (http)
2021-07-29 17:43:54.037 INFO  org.apache.coyote.http11.Http11NioProtocol        :173  [32m        [0;39m Initializing ProtocolHandler ["http-nio-9001"]
2021-07-29 17:43:54.037 INFO  org.apache.catalina.core.StandardService          :173  [32m        [0;39m Starting service [Tomcat]
2021-07-29 17:43:54.037 INFO  org.apache.catalina.core.StandardEngine           :173  [32m        [0;39m Starting Servlet engine: [Apache Tomcat/9.0.48]
2021-07-29 17:43:54.053 INFO  o.a.c.c.C.[Tomcat-4].[localhost].[/system]        :173  [32m        [0;39m Initializing Spring embedded WebApplicationContext
2021-07-29 17:43:54.053 INFO  o.s.b.w.s.c.ServletWebServerApplicationContext    :290  [32m        [0;39m Root WebApplicationContext: initialization completed in 210 ms
2021-07-29 17:43:54.060 WARN  o.s.b.w.s.c.AnnotationConfigServletWebServerApplicationContext:591  [32m        [0;39m Exception encountered during context initialization - cancelling refresh attempt: org.springframework.beans.factory.BeanCreationException: Error creating bean with name 'testController' defined in file [D:\javaprojects\onlinecourse\course\system\target\classes\com\course\system\controller\TestController.class]: Post-processing of merged bean definition failed; nested exception is java.lang.IllegalStateException: Failed to introspect Class [com.course.system.controller.TestController] from ClassLoader [org.springframework.boot.devtools.restart.classloader.RestartClassLoader@24e66cb2]
2021-07-29 17:43:54.060 INFO  org.apache.catalina.core.StandardService          :173  [32m        [0;39m Stopping service [Tomcat]
2021-07-29 17:43:54.064 INFO  o.s.b.a.l.ConditionEvaluationReportLoggingListener:136  [32m        [0;39m 

Error starting ApplicationContext. To display the conditions report re-run your application with 'debug' enabled.
2021-07-29 17:43:54.066 ERROR org.springframework.boot.SpringApplication        :843  [32m        [0;39m Application run failed
org.springframework.beans.factory.BeanCreationException: Error creating bean with name 'testController' defined in file [D:\javaprojects\onlinecourse\course\system\target\classes\com\course\system\controller\TestController.class]: Post-processing of merged bean definition failed; nested exception is java.lang.IllegalStateException: Failed to introspect Class [com.course.system.controller.TestController] from ClassLoader [org.springframework.boot.devtools.restart.classloader.RestartClassLoader@24e66cb2]
	at org.springframework.beans.factory.support.AbstractAutowireCapableBeanFactory.doCreateBean(AbstractAutowireCapableBeanFactory.java:579)
	at org.springframework.beans.factory.support.AbstractAutowireCapableBeanFactory.createBean(AbstractAutowireCapableBeanFactory.java:524)
	at org.springframework.beans.factory.support.AbstractBeanFactory.lambda$doGetBean$0(AbstractBeanFactory.java:335)
	at org.springframework.beans.factory.support.DefaultSingletonBeanRegistry.getSingleton(DefaultSingletonBeanRegistry.java:234)
	at org.springframework.beans.factory.support.AbstractBeanFactory.doGetBean(AbstractBeanFactory.java:333)
	at org.springframework.beans.factory.support.AbstractBeanFactory.getBean(AbstractBeanFactory.java:208)
	at org.springframework.beans.factory.support.DefaultListableBeanFactory.preInstantiateSingletons(DefaultListableBeanFactory.java:944)
	at org.springframework.context.support.AbstractApplicationContext.finishBeanFactoryInitialization(AbstractApplicationContext.java:918)
	at org.springframework.context.support.AbstractApplicationContext.refresh(AbstractApplicationContext.java:583)
	at org.springframework.boot.web.servlet.context.ServletWebServerApplicationContext.refresh(ServletWebServerApplicationContext.java:145)
	at org.springframework.boot.SpringApplication.refresh(SpringApplication.java:754)
	at org.springframework.boot.SpringApplication.refreshContext(SpringApplication.java:434)
	at org.springframework.boot.SpringApplication.run(SpringApplication.java:338)
	at com.course.system.config.SystemApplication.main(SystemApplication.java:22)
	at java.base/jdk.internal.reflect.NativeMethodAccessorImpl.invoke0(Native Method)
	at java.base/jdk.internal.reflect.NativeMethodAccessorImpl.invoke(NativeMethodAccessorImpl.java:62)
	at java.base/jdk.internal.reflect.DelegatingMethodAccessorImpl.invoke(DelegatingMethodAccessorImpl.java:43)
	at java.base/java.lang.reflect.Method.invoke(Method.java:566)
	at org.springframework.boot.devtools.restart.RestartLauncher.run(RestartLauncher.java:49)
Caused by: java.lang.IllegalStateException: Failed to introspect Class [com.course.system.controller.TestController] from ClassLoader [org.springframework.boot.devtools.restart.classloader.RestartClassLoader@24e66cb2]
	at org.springframework.util.ReflectionUtils.getDeclaredFields(ReflectionUtils.java:739)
	at org.springframework.util.ReflectionUtils.doWithLocalFields(ReflectionUtils.java:671)
	at org.springframework.context.annotation.CommonAnnotationBeanPostProcessor.buildResourceMetadata(CommonAnnotationBeanPostProcessor.java:366)
	at org.springframework.context.annotation.CommonAnnotationBeanPostProcessor.findResourceMetadata(CommonAnnotationBeanPostProcessor.java:347)
	at org.springframework.context.annotation.CommonAnnotationBeanPostProcessor.postProcessMergedBeanDefinition(CommonAnnotationBeanPostProcessor.java:295)
	at org.springframework.beans.factory.support.AbstractAutowireCapableBeanFactory.applyMergedBeanDefinitionPostProcessors(AbstractAutowireCapableBeanFactory.java:1098)
	at org.springframework.beans.factory.support.AbstractAutowireCapableBeanFactory.doCreateBean(AbstractAutowireCapableBeanFactory.java:576)
	... 18 common frames omitted
Caused by: java.lang.NoClassDefFoundError: Lcom/course/server/service/TestService;
	at java.base/java.lang.Class.getDeclaredFields0(Native Method)
	at java.base/java.lang.Class.privateGetDeclaredFields(Class.java:3061)
	at java.base/java.lang.Class.getDeclaredFields(Class.java:2248)
	at org.springframework.util.ReflectionUtils.getDeclaredFields(ReflectionUtils.java:734)
	... 24 common frames omitted
Caused by: java.lang.ClassNotFoundException: com.course.server.service.TestService
	at java.base/jdk.internal.loader.BuiltinClassLoader.loadClass(BuiltinClassLoader.java:581)
	at java.base/jdk.internal.loader.ClassLoaders$AppClassLoader.loadClass(ClassLoaders.java:178)
	at java.base/java.lang.ClassLoader.loadClass(ClassLoader.java:521)
	at java.base/java.lang.Class.forName0(Native Method)
	at java.base/java.lang.Class.forName(Class.java:398)
	at org.springframework.boot.devtools.restart.classloader.RestartClassLoader.loadClass(RestartClassLoader.java:145)
	at java.base/java.lang.ClassLoader.loadClass(ClassLoader.java:521)
	... 28 common frames omitted
2021-07-29 17:46:47.334 INFO  com.course.system.config.SystemApplication        :55   [32m        [0;39m Starting SystemApplication using Java 11.0.7 on DESKTOP-L9OD124 with PID 18384 (D:\javaprojects\onlinecourse\course\system\target\classes started by 79491 in D:\javaprojects\onlinecourse\course)
2021-07-29 17:46:47.334 INFO  com.course.system.config.SystemApplication        :659  [32m        [0;39m No active profile set, falling back to default profiles: default
2021-07-29 17:46:47.485 INFO  o.springframework.cloud.context.scope.GenericScope:283  [32m        [0;39m BeanFactory id=d0e6a26f-8238-35e5-bb45-1b010b1db168
2021-07-29 17:46:47.521 INFO  o.s.boot.web.embedded.tomcat.TomcatWebServer      :108  [32m        [0;39m Tomcat initialized with port(s): 9001 (http)
2021-07-29 17:46:47.522 INFO  org.apache.coyote.http11.Http11NioProtocol        :173  [32m        [0;39m Initializing ProtocolHandler ["http-nio-9001"]
2021-07-29 17:46:47.522 INFO  org.apache.catalina.core.StandardService          :173  [32m        [0;39m Starting service [Tomcat]
2021-07-29 17:46:47.522 INFO  org.apache.catalina.core.StandardEngine           :173  [32m        [0;39m Starting Servlet engine: [Apache Tomcat/9.0.48]
2021-07-29 17:46:47.536 INFO  o.a.c.c.C.[Tomcat-5].[localhost].[/system]        :173  [32m        [0;39m Initializing Spring embedded WebApplicationContext
2021-07-29 17:46:47.536 INFO  o.s.b.w.s.c.ServletWebServerApplicationContext    :290  [32m        [0;39m Root WebApplicationContext: initialization completed in 200 ms
2021-07-29 17:46:47.542 WARN  o.s.b.w.s.c.AnnotationConfigServletWebServerApplicationContext:591  [32m        [0;39m Exception encountered during context initialization - cancelling refresh attempt: org.springframework.beans.factory.BeanCreationException: Error creating bean with name 'testController' defined in file [D:\javaprojects\onlinecourse\course\system\target\classes\com\course\system\controller\TestController.class]: Post-processing of merged bean definition failed; nested exception is java.lang.IllegalStateException: Failed to introspect Class [com.course.system.controller.TestController] from ClassLoader [org.springframework.boot.devtools.restart.classloader.RestartClassLoader@154afe86]
2021-07-29 17:46:47.542 INFO  org.apache.catalina.core.StandardService          :173  [32m        [0;39m Stopping service [Tomcat]
2021-07-29 17:46:47.546 INFO  o.s.b.a.l.ConditionEvaluationReportLoggingListener:136  [32m        [0;39m 

Error starting ApplicationContext. To display the conditions report re-run your application with 'debug' enabled.
2021-07-29 17:46:47.548 ERROR org.springframework.boot.SpringApplication        :843  [32m        [0;39m Application run failed
org.springframework.beans.factory.BeanCreationException: Error creating bean with name 'testController' defined in file [D:\javaprojects\onlinecourse\course\system\target\classes\com\course\system\controller\TestController.class]: Post-processing of merged bean definition failed; nested exception is java.lang.IllegalStateException: Failed to introspect Class [com.course.system.controller.TestController] from ClassLoader [org.springframework.boot.devtools.restart.classloader.RestartClassLoader@154afe86]
	at org.springframework.beans.factory.support.AbstractAutowireCapableBeanFactory.doCreateBean(AbstractAutowireCapableBeanFactory.java:579)
	at org.springframework.beans.factory.support.AbstractAutowireCapableBeanFactory.createBean(AbstractAutowireCapableBeanFactory.java:524)
	at org.springframework.beans.factory.support.AbstractBeanFactory.lambda$doGetBean$0(AbstractBeanFactory.java:335)
	at org.springframework.beans.factory.support.DefaultSingletonBeanRegistry.getSingleton(DefaultSingletonBeanRegistry.java:234)
	at org.springframework.beans.factory.support.AbstractBeanFactory.doGetBean(AbstractBeanFactory.java:333)
	at org.springframework.beans.factory.support.AbstractBeanFactory.getBean(AbstractBeanFactory.java:208)
	at org.springframework.beans.factory.support.DefaultListableBeanFactory.preInstantiateSingletons(DefaultListableBeanFactory.java:944)
	at org.springframework.context.support.AbstractApplicationContext.finishBeanFactoryInitialization(AbstractApplicationContext.java:918)
	at org.springframework.context.support.AbstractApplicationContext.refresh(AbstractApplicationContext.java:583)
	at org.springframework.boot.web.servlet.context.ServletWebServerApplicationContext.refresh(ServletWebServerApplicationContext.java:145)
	at org.springframework.boot.SpringApplication.refresh(SpringApplication.java:754)
	at org.springframework.boot.SpringApplication.refreshContext(SpringApplication.java:434)
	at org.springframework.boot.SpringApplication.run(SpringApplication.java:338)
	at com.course.system.config.SystemApplication.main(SystemApplication.java:22)
	at java.base/jdk.internal.reflect.NativeMethodAccessorImpl.invoke0(Native Method)
	at java.base/jdk.internal.reflect.NativeMethodAccessorImpl.invoke(NativeMethodAccessorImpl.java:62)
	at java.base/jdk.internal.reflect.DelegatingMethodAccessorImpl.invoke(DelegatingMethodAccessorImpl.java:43)
	at java.base/java.lang.reflect.Method.invoke(Method.java:566)
	at org.springframework.boot.devtools.restart.RestartLauncher.run(RestartLauncher.java:49)
Caused by: java.lang.IllegalStateException: Failed to introspect Class [com.course.system.controller.TestController] from ClassLoader [org.springframework.boot.devtools.restart.classloader.RestartClassLoader@154afe86]
	at org.springframework.util.ReflectionUtils.getDeclaredFields(ReflectionUtils.java:739)
	at org.springframework.util.ReflectionUtils.doWithLocalFields(ReflectionUtils.java:671)
	at org.springframework.context.annotation.CommonAnnotationBeanPostProcessor.buildResourceMetadata(CommonAnnotationBeanPostProcessor.java:366)
	at org.springframework.context.annotation.CommonAnnotationBeanPostProcessor.findResourceMetadata(CommonAnnotationBeanPostProcessor.java:347)
	at org.springframework.context.annotation.CommonAnnotationBeanPostProcessor.postProcessMergedBeanDefinition(CommonAnnotationBeanPostProcessor.java:295)
	at org.springframework.beans.factory.support.AbstractAutowireCapableBeanFactory.applyMergedBeanDefinitionPostProcessors(AbstractAutowireCapableBeanFactory.java:1098)
	at org.springframework.beans.factory.support.AbstractAutowireCapableBeanFactory.doCreateBean(AbstractAutowireCapableBeanFactory.java:576)
	... 18 common frames omitted
Caused by: java.lang.NoClassDefFoundError: Lcom/course/server/service/TestService;
	at java.base/java.lang.Class.getDeclaredFields0(Native Method)
	at java.base/java.lang.Class.privateGetDeclaredFields(Class.java:3061)
	at java.base/java.lang.Class.getDeclaredFields(Class.java:2248)
	at org.springframework.util.ReflectionUtils.getDeclaredFields(ReflectionUtils.java:734)
	... 24 common frames omitted
Caused by: java.lang.ClassNotFoundException: com.course.server.service.TestService
	at java.base/jdk.internal.loader.BuiltinClassLoader.loadClass(BuiltinClassLoader.java:581)
	at java.base/jdk.internal.loader.ClassLoaders$AppClassLoader.loadClass(ClassLoaders.java:178)
	at java.base/java.lang.ClassLoader.loadClass(ClassLoader.java:521)
	at java.base/java.lang.Class.forName0(Native Method)
	at java.base/java.lang.Class.forName(Class.java:398)
	at org.springframework.boot.devtools.restart.classloader.RestartClassLoader.loadClass(RestartClassLoader.java:145)
	at java.base/java.lang.ClassLoader.loadClass(ClassLoader.java:521)
	... 28 common frames omitted
2021-07-29 17:52:09.660 INFO  com.course.system.config.SystemApplication        :55   [32m        [0;39m Starting SystemApplication using Java 11.0.7 on DESKTOP-L9OD124 with PID 18384 (D:\javaprojects\onlinecourse\course\system\target\classes started by 79491 in D:\javaprojects\onlinecourse\course)
2021-07-29 17:52:09.660 INFO  com.course.system.config.SystemApplication        :659  [32m        [0;39m No active profile set, falling back to default profiles: default
2021-07-29 17:52:09.808 INFO  o.springframework.cloud.context.scope.GenericScope:283  [32m        [0;39m BeanFactory id=d0e6a26f-8238-35e5-bb45-1b010b1db168
2021-07-29 17:52:09.844 INFO  o.s.boot.web.embedded.tomcat.TomcatWebServer      :108  [32m        [0;39m Tomcat initialized with port(s): 9001 (http)
2021-07-29 17:52:09.844 INFO  org.apache.coyote.http11.Http11NioProtocol        :173  [32m        [0;39m Initializing ProtocolHandler ["http-nio-9001"]
2021-07-29 17:52:09.845 INFO  org.apache.catalina.core.StandardService          :173  [32m        [0;39m Starting service [Tomcat]
2021-07-29 17:52:09.845 INFO  org.apache.catalina.core.StandardEngine           :173  [32m        [0;39m Starting Servlet engine: [Apache Tomcat/9.0.48]
2021-07-29 17:52:09.858 INFO  o.a.c.c.C.[Tomcat-6].[localhost].[/system]        :173  [32m        [0;39m Initializing Spring embedded WebApplicationContext
2021-07-29 17:52:09.858 INFO  o.s.b.w.s.c.ServletWebServerApplicationContext    :290  [32m        [0;39m Root WebApplicationContext: initialization completed in 196 ms
2021-07-29 17:52:09.864 WARN  o.s.b.w.s.c.AnnotationConfigServletWebServerApplicationContext:591  [32m        [0;39m Exception encountered during context initialization - cancelling refresh attempt: org.springframework.beans.factory.BeanCreationException: Error creating bean with name 'testController' defined in file [D:\javaprojects\onlinecourse\course\system\target\classes\com\course\system\controller\TestController.class]: Post-processing of merged bean definition failed; nested exception is java.lang.IllegalStateException: Failed to introspect Class [com.course.system.controller.TestController] from ClassLoader [org.springframework.boot.devtools.restart.classloader.RestartClassLoader@4057e39b]
2021-07-29 17:52:09.864 INFO  org.apache.catalina.core.StandardService          :173  [32m        [0;39m Stopping service [Tomcat]
2021-07-29 17:52:09.869 INFO  o.s.b.a.l.ConditionEvaluationReportLoggingListener:136  [32m        [0;39m 

Error starting ApplicationContext. To display the conditions report re-run your application with 'debug' enabled.
2021-07-29 17:52:09.871 ERROR org.springframework.boot.SpringApplication        :843  [32m        [0;39m Application run failed
org.springframework.beans.factory.BeanCreationException: Error creating bean with name 'testController' defined in file [D:\javaprojects\onlinecourse\course\system\target\classes\com\course\system\controller\TestController.class]: Post-processing of merged bean definition failed; nested exception is java.lang.IllegalStateException: Failed to introspect Class [com.course.system.controller.TestController] from ClassLoader [org.springframework.boot.devtools.restart.classloader.RestartClassLoader@4057e39b]
	at org.springframework.beans.factory.support.AbstractAutowireCapableBeanFactory.doCreateBean(AbstractAutowireCapableBeanFactory.java:579)
	at org.springframework.beans.factory.support.AbstractAutowireCapableBeanFactory.createBean(AbstractAutowireCapableBeanFactory.java:524)
	at org.springframework.beans.factory.support.AbstractBeanFactory.lambda$doGetBean$0(AbstractBeanFactory.java:335)
	at org.springframework.beans.factory.support.DefaultSingletonBeanRegistry.getSingleton(DefaultSingletonBeanRegistry.java:234)
	at org.springframework.beans.factory.support.AbstractBeanFactory.doGetBean(AbstractBeanFactory.java:333)
	at org.springframework.beans.factory.support.AbstractBeanFactory.getBean(AbstractBeanFactory.java:208)
	at org.springframework.beans.factory.support.DefaultListableBeanFactory.preInstantiateSingletons(DefaultListableBeanFactory.java:944)
	at org.springframework.context.support.AbstractApplicationContext.finishBeanFactoryInitialization(AbstractApplicationContext.java:918)
	at org.springframework.context.support.AbstractApplicationContext.refresh(AbstractApplicationContext.java:583)
	at org.springframework.boot.web.servlet.context.ServletWebServerApplicationContext.refresh(ServletWebServerApplicationContext.java:145)
	at org.springframework.boot.SpringApplication.refresh(SpringApplication.java:754)
	at org.springframework.boot.SpringApplication.refreshContext(SpringApplication.java:434)
	at org.springframework.boot.SpringApplication.run(SpringApplication.java:338)
	at com.course.system.config.SystemApplication.main(SystemApplication.java:22)
	at java.base/jdk.internal.reflect.NativeMethodAccessorImpl.invoke0(Native Method)
	at java.base/jdk.internal.reflect.NativeMethodAccessorImpl.invoke(NativeMethodAccessorImpl.java:62)
	at java.base/jdk.internal.reflect.DelegatingMethodAccessorImpl.invoke(DelegatingMethodAccessorImpl.java:43)
	at java.base/java.lang.reflect.Method.invoke(Method.java:566)
	at org.springframework.boot.devtools.restart.RestartLauncher.run(RestartLauncher.java:49)
Caused by: java.lang.IllegalStateException: Failed to introspect Class [com.course.system.controller.TestController] from ClassLoader [org.springframework.boot.devtools.restart.classloader.RestartClassLoader@4057e39b]
	at org.springframework.util.ReflectionUtils.getDeclaredFields(ReflectionUtils.java:739)
	at org.springframework.util.ReflectionUtils.doWithLocalFields(ReflectionUtils.java:671)
	at org.springframework.context.annotation.CommonAnnotationBeanPostProcessor.buildResourceMetadata(CommonAnnotationBeanPostProcessor.java:366)
	at org.springframework.context.annotation.CommonAnnotationBeanPostProcessor.findResourceMetadata(CommonAnnotationBeanPostProcessor.java:347)
	at org.springframework.context.annotation.CommonAnnotationBeanPostProcessor.postProcessMergedBeanDefinition(CommonAnnotationBeanPostProcessor.java:295)
	at org.springframework.beans.factory.support.AbstractAutowireCapableBeanFactory.applyMergedBeanDefinitionPostProcessors(AbstractAutowireCapableBeanFactory.java:1098)
	at org.springframework.beans.factory.support.AbstractAutowireCapableBeanFactory.doCreateBean(AbstractAutowireCapableBeanFactory.java:576)
	... 18 common frames omitted
Caused by: java.lang.NoClassDefFoundError: Lcom/course/server/service/TestService;
	at java.base/java.lang.Class.getDeclaredFields0(Native Method)
	at java.base/java.lang.Class.privateGetDeclaredFields(Class.java:3061)
	at java.base/java.lang.Class.getDeclaredFields(Class.java:2248)
	at org.springframework.util.ReflectionUtils.getDeclaredFields(ReflectionUtils.java:734)
	... 24 common frames omitted
Caused by: java.lang.ClassNotFoundException: com.course.server.service.TestService
	at java.base/jdk.internal.loader.BuiltinClassLoader.loadClass(BuiltinClassLoader.java:581)
	at java.base/jdk.internal.loader.ClassLoaders$AppClassLoader.loadClass(ClassLoaders.java:178)
	at java.base/java.lang.ClassLoader.loadClass(ClassLoader.java:521)
	at java.base/java.lang.Class.forName0(Native Method)
	at java.base/java.lang.Class.forName(Class.java:398)
	at org.springframework.boot.devtools.restart.classloader.RestartClassLoader.loadClass(RestartClassLoader.java:145)
	at java.base/java.lang.ClassLoader.loadClass(ClassLoader.java:521)
	... 28 common frames omitted
2021-07-29 18:06:34.677 INFO  com.course.system.config.SystemApplication        :55   [32m        [0;39m Starting SystemApplication using Java 11.0.7 on DESKTOP-L9OD124 with PID 18384 (D:\javaprojects\onlinecourse\course\system\target\classes started by 79491 in D:\javaprojects\onlinecourse\course)
2021-07-29 18:06:34.678 INFO  com.course.system.config.SystemApplication        :659  [32m        [0;39m No active profile set, falling back to default profiles: default
2021-07-29 18:06:34.848 INFO  o.springframework.cloud.context.scope.GenericScope:283  [32m        [0;39m BeanFactory id=d0e6a26f-8238-35e5-bb45-1b010b1db168
2021-07-29 18:06:34.888 INFO  o.s.boot.web.embedded.tomcat.TomcatWebServer      :108  [32m        [0;39m Tomcat initialized with port(s): 9001 (http)
2021-07-29 18:06:34.888 INFO  org.apache.coyote.http11.Http11NioProtocol        :173  [32m        [0;39m Initializing ProtocolHandler ["http-nio-9001"]
2021-07-29 18:06:34.889 INFO  org.apache.catalina.core.StandardService          :173  [32m        [0;39m Starting service [Tomcat]
2021-07-29 18:06:34.889 INFO  org.apache.catalina.core.StandardEngine           :173  [32m        [0;39m Starting Servlet engine: [Apache Tomcat/9.0.48]
2021-07-29 18:06:34.907 INFO  o.a.c.c.C.[Tomcat-7].[localhost].[/system]        :173  [32m        [0;39m Initializing Spring embedded WebApplicationContext
2021-07-29 18:06:34.907 INFO  o.s.b.w.s.c.ServletWebServerApplicationContext    :290  [32m        [0;39m Root WebApplicationContext: initialization completed in 228 ms
2021-07-29 18:06:34.913 WARN  o.s.b.w.s.c.AnnotationConfigServletWebServerApplicationContext:591  [32m        [0;39m Exception encountered during context initialization - cancelling refresh attempt: org.springframework.beans.factory.BeanCreationException: Error creating bean with name 'testController' defined in file [D:\javaprojects\onlinecourse\course\system\target\classes\com\course\system\controller\TestController.class]: Post-processing of merged bean definition failed; nested exception is java.lang.IllegalStateException: Failed to introspect Class [com.course.system.controller.TestController] from ClassLoader [org.springframework.boot.devtools.restart.classloader.RestartClassLoader@c237133]
2021-07-29 18:06:34.913 INFO  org.apache.catalina.core.StandardService          :173  [32m        [0;39m Stopping service [Tomcat]
2021-07-29 18:06:34.917 INFO  o.s.b.a.l.ConditionEvaluationReportLoggingListener:136  [32m        [0;39m 

Error starting ApplicationContext. To display the conditions report re-run your application with 'debug' enabled.
2021-07-29 18:06:34.923 ERROR org.springframework.boot.SpringApplication        :843  [32m        [0;39m Application run failed
org.springframework.beans.factory.BeanCreationException: Error creating bean with name 'testController' defined in file [D:\javaprojects\onlinecourse\course\system\target\classes\com\course\system\controller\TestController.class]: Post-processing of merged bean definition failed; nested exception is java.lang.IllegalStateException: Failed to introspect Class [com.course.system.controller.TestController] from ClassLoader [org.springframework.boot.devtools.restart.classloader.RestartClassLoader@c237133]
	at org.springframework.beans.factory.support.AbstractAutowireCapableBeanFactory.doCreateBean(AbstractAutowireCapableBeanFactory.java:579)
	at org.springframework.beans.factory.support.AbstractAutowireCapableBeanFactory.createBean(AbstractAutowireCapableBeanFactory.java:524)
	at org.springframework.beans.factory.support.AbstractBeanFactory.lambda$doGetBean$0(AbstractBeanFactory.java:335)
	at org.springframework.beans.factory.support.DefaultSingletonBeanRegistry.getSingleton(DefaultSingletonBeanRegistry.java:234)
	at org.springframework.beans.factory.support.AbstractBeanFactory.doGetBean(AbstractBeanFactory.java:333)
	at org.springframework.beans.factory.support.AbstractBeanFactory.getBean(AbstractBeanFactory.java:208)
	at org.springframework.beans.factory.support.DefaultListableBeanFactory.preInstantiateSingletons(DefaultListableBeanFactory.java:944)
	at org.springframework.context.support.AbstractApplicationContext.finishBeanFactoryInitialization(AbstractApplicationContext.java:918)
	at org.springframework.context.support.AbstractApplicationContext.refresh(AbstractApplicationContext.java:583)
	at org.springframework.boot.web.servlet.context.ServletWebServerApplicationContext.refresh(ServletWebServerApplicationContext.java:145)
	at org.springframework.boot.SpringApplication.refresh(SpringApplication.java:754)
	at org.springframework.boot.SpringApplication.refreshContext(SpringApplication.java:434)
	at org.springframework.boot.SpringApplication.run(SpringApplication.java:338)
	at com.course.system.config.SystemApplication.main(SystemApplication.java:22)
	at java.base/jdk.internal.reflect.NativeMethodAccessorImpl.invoke0(Native Method)
	at java.base/jdk.internal.reflect.NativeMethodAccessorImpl.invoke(NativeMethodAccessorImpl.java:62)
	at java.base/jdk.internal.reflect.DelegatingMethodAccessorImpl.invoke(DelegatingMethodAccessorImpl.java:43)
	at java.base/java.lang.reflect.Method.invoke(Method.java:566)
	at org.springframework.boot.devtools.restart.RestartLauncher.run(RestartLauncher.java:49)
Caused by: java.lang.IllegalStateException: Failed to introspect Class [com.course.system.controller.TestController] from ClassLoader [org.springframework.boot.devtools.restart.classloader.RestartClassLoader@c237133]
	at org.springframework.util.ReflectionUtils.getDeclaredFields(ReflectionUtils.java:739)
	at org.springframework.util.ReflectionUtils.doWithLocalFields(ReflectionUtils.java:671)
	at org.springframework.context.annotation.CommonAnnotationBeanPostProcessor.buildResourceMetadata(CommonAnnotationBeanPostProcessor.java:366)
	at org.springframework.context.annotation.CommonAnnotationBeanPostProcessor.findResourceMetadata(CommonAnnotationBeanPostProcessor.java:347)
	at org.springframework.context.annotation.CommonAnnotationBeanPostProcessor.postProcessMergedBeanDefinition(CommonAnnotationBeanPostProcessor.java:295)
	at org.springframework.beans.factory.support.AbstractAutowireCapableBeanFactory.applyMergedBeanDefinitionPostProcessors(AbstractAutowireCapableBeanFactory.java:1098)
	at org.springframework.beans.factory.support.AbstractAutowireCapableBeanFactory.doCreateBean(AbstractAutowireCapableBeanFactory.java:576)
	... 18 common frames omitted
Caused by: java.lang.NoClassDefFoundError: Lcom/course/server/service/TestService;
	at java.base/java.lang.Class.getDeclaredFields0(Native Method)
	at java.base/java.lang.Class.privateGetDeclaredFields(Class.java:3061)
	at java.base/java.lang.Class.getDeclaredFields(Class.java:2248)
	at org.springframework.util.ReflectionUtils.getDeclaredFields(ReflectionUtils.java:734)
	... 24 common frames omitted
Caused by: java.lang.ClassNotFoundException: com.course.server.service.TestService
	at java.base/jdk.internal.loader.BuiltinClassLoader.loadClass(BuiltinClassLoader.java:581)
	at java.base/jdk.internal.loader.ClassLoaders$AppClassLoader.loadClass(ClassLoaders.java:178)
	at java.base/java.lang.ClassLoader.loadClass(ClassLoader.java:521)
	at java.base/java.lang.Class.forName0(Native Method)
	at java.base/java.lang.Class.forName(Class.java:398)
	at org.springframework.boot.devtools.restart.classloader.RestartClassLoader.loadClass(RestartClassLoader.java:145)
	at java.base/java.lang.ClassLoader.loadClass(ClassLoader.java:521)
	... 28 common frames omitted
